{"meta": {"format": 3, "version": "7.11.2", "timestamp": "2026-01-10T20:20:12.033805", "branch_coverage": true, "show_contexts": false}, "files": {"sagaz/__main__.py": {"executed_lines": [], "summary": {"covered_lines": 0, "num_statements": 1, "percent_covered": 0.0, "percent_covered_display": "0", "missing_lines": 1, "excluded_lines": 2, "num_branches": 0, "num_partial_branches": 0, "covered_branches": 0, "missing_branches": 0}, "missing_lines": [1], "excluded_lines": [3, 4], "executed_branches": [], "missing_branches": [], "functions": {"": {"executed_lines": [], "summary": {"covered_lines": 0, "num_statements": 1, "percent_covered": 0.0, "percent_covered_display": "0", "missing_lines": 1, "excluded_lines": 2, "num_branches": 0, "num_partial_branches": 0, "covered_branches": 0, "missing_branches": 0}, "missing_lines": [1], "excluded_lines": [3, 4], "executed_branches": [], "missing_branches": []}}, "classes": {"": {"executed_lines": [], "summary": {"covered_lines": 0, "num_statements": 1, "percent_covered": 0.0, "percent_covered_display": "0", "missing_lines": 1, "excluded_lines": 2, "num_branches": 0, "num_partial_branches": 0, "covered_branches": 0, "missing_branches": 0}, "missing_lines": [1], "excluded_lines": [3, 4], "executed_branches": [], "missing_branches": []}}}, "sagaz/cli/examples.py": {"executed_lines": [1, 5, 6, 7, 8, 9, 11, 13, 14, 15, 17, 18, 23, 24, 26, 32, 40, 43, 44, 48, 49, 55, 91, 93, 94, 95, 97, 98, 99, 100, 101, 102, 103, 105, 108, 110, 111, 113, 115, 116, 117, 119, 122, 131, 132, 133, 135, 137, 138, 139, 140, 142, 144, 145, 146, 147, 148, 149, 151, 152, 153, 154, 158, 161, 163, 164, 165, 166, 168, 171, 172, 173, 175, 176, 178, 179, 180, 181, 189, 190, 191, 205, 206, 207, 212, 213, 214, 219, 220, 221, 226, 228, 230, 231, 232, 234, 235, 237, 240, 242, 243, 244, 245, 246, 248, 251, 253, 254, 255, 256, 258, 259, 260, 262, 263, 265, 266, 267, 270, 272, 273, 274, 277, 279, 281, 282, 283, 284, 286, 287, 288, 289, 291, 294, 296, 297, 298, 300, 302, 305, 308, 324, 378, 426, 446, 454, 470, 499, 514, 516, 517, 518, 519, 521, 523, 524, 525, 526, 528, 529, 530, 531, 533, 535, 536, 538, 539, 540, 542, 543, 544, 545, 546, 547, 549, 550, 551, 554, 604, 607, 608, 618, 619, 620, 621, 623, 625, 626, 627, 628, 629, 632, 633], "summary": {"covered_lines": 148, "num_statements": 194, "percent_covered": 72.10144927536231, "percent_covered_display": "72", "missing_lines": 46, "excluded_lines": 233, "num_branches": 82, "num_partial_branches": 9, "covered_branches": 51, "missing_branches": 31}, "missing_lines": [169, 196, 197, 209, 216, 223, 311, 317, 318, 321, 556, 559, 569, 570, 571, 575, 576, 578, 579, 580, 583, 585, 586, 588, 589, 590, 591, 592, 593, 594, 595, 596, 597, 598, 599, 600, 601, 609, 610, 611, 612, 613, 615, 616, 630, 631], "excluded_lines": [19, 20, 21, 27, 28, 29, 45, 50, 51, 155, 156, 296, 297, 298, 300, 302, 303, 305, 324, 325, 326, 327, 328, 329, 330, 331, 332, 333, 334, 335, 336, 337, 338, 339, 340, 341, 342, 343, 344, 345, 346, 347, 348, 349, 350, 351, 352, 353, 354, 355, 356, 357, 358, 359, 360, 361, 362, 363, 364, 365, 366, 367, 368, 369, 370, 371, 372, 373, 374, 378, 379, 380, 381, 382, 383, 384, 385, 386, 387, 388, 389, 390, 391, 392, 393, 394, 395, 396, 397, 398, 399, 400, 401, 402, 403, 404, 405, 406, 407, 408, 409, 410, 411, 412, 413, 414, 415, 416, 417, 418, 419, 420, 421, 422, 426, 427, 428, 429, 430, 431, 432, 433, 434, 435, 436, 437, 438, 439, 440, 441, 442, 446, 447, 448, 449, 450, 451, 454, 455, 456, 457, 458, 459, 460, 461, 462, 463, 464, 465, 466, 467, 470, 471, 472, 473, 474, 475, 476, 477, 478, 479, 480, 481, 482, 483, 484, 485, 486, 487, 488, 489, 490, 491, 492, 493, 494, 495, 496, 499, 500, 501, 502, 503, 504, 505, 506, 507, 508, 509, 510, 511, 514, 515, 516, 517, 518, 519, 520, 521, 522, 523, 524, 525, 526, 527, 528, 529, 530, 531, 532, 533, 534, 535, 536, 537, 538, 539, 540, 541, 542, 543, 544, 545, 546, 547, 548, 549, 550, 551, 572, 573, 632, 633], "executed_branches": [[94, 95], [94, 97], [98, 99], [98, 105], [99, 98], [99, 100], [100, 98], [100, 101], [101, 100], [101, 102], [113, 115], [113, 119], [116, 117], [132, 133], [132, 135], [137, 138], [137, 142], [139, 140], [139, 144], [144, 145], [144, 158], [145, 144], [145, 146], [151, 152], [151, 153], [153, 154], [165, 166], [168, 171], [171, 172], [171, 178], [173, 175], [173, 176], [230, 231], [230, 234], [234, 235], [234, 237], [242, 243], [242, 248], [245, 246], [258, 259], [258, 262], [262, 263], [266, 267], [273, -270], [273, 274], [281, 282], [281, 286], [608, 618], [620, 621], [620, 623], [629, -604]], "missing_branches": [[116, 113], [153, 144], [165, 181], [168, 169], [196, -189], [196, 197], [245, -240], [262, 265], [266, -251], [317, 318], [317, 321], [576, 578], [576, 588], [578, 579], [578, 580], [585, 576], [585, 586], [588, 589], [588, 596], [590, 591], [590, 592], [594, -554], [594, 595], [596, -554], [596, 597], [600, -554], [600, 601], [608, 609], [612, 613], [612, 615], [629, 630]], "functions": {"get_examples_dir": {"executed_lines": [40, 43, 44, 48, 49], "summary": {"covered_lines": 5, "num_statements": 5, "percent_covered": 100.0, "percent_covered_display": "100", "missing_lines": 0, "excluded_lines": 3, "num_branches": 0, "num_partial_branches": 0, "covered_branches": 0, "missing_branches": 0}, "missing_lines": [], "excluded_lines": [45, 50, 51], "executed_branches": [], "missing_branches": []}, "get_categories": {"executed_lines": [93, 94, 95, 97, 98, 99, 100, 101, 102, 103, 105], "summary": {"covered_lines": 11, "num_statements": 11, "percent_covered": 100.0, "percent_covered_display": "100", "missing_lines": 0, "excluded_lines": 0, "num_branches": 10, "num_partial_branches": 0, "covered_branches": 10, "missing_branches": 0}, "missing_lines": [], "excluded_lines": [], "executed_branches": [[94, 95], [94, 97], [98, 99], [98, 105], [99, 98], [99, 100], [100, 98], [100, 101], [101, 100], [101, 102]], "missing_branches": []}, "get_domains": {"executed_lines": [110, 111, 113, 115, 116, 117, 119], "summary": {"covered_lines": 7, "num_statements": 7, "percent_covered": 90.9090909090909, "percent_covered_display": "91", "missing_lines": 0, "excluded_lines": 0, "num_branches": 4, "num_partial_branches": 1, "covered_branches": 3, "missing_branches": 1}, "missing_lines": [], "excluded_lines": [], "executed_branches": [[113, 115], [113, 119], [116, 117]], "missing_branches": [[116, 113]]}, "discover_examples": {"executed_lines": [131, 132, 133, 135, 137, 138, 139, 140, 142, 144, 145, 146, 147, 148, 149, 151, 152, 153, 154, 158], "summary": {"covered_lines": 20, "num_statements": 20, "percent_covered": 97.05882352941177, "percent_covered_display": "97", "missing_lines": 0, "excluded_lines": 2, "num_branches": 14, "num_partial_branches": 1, "covered_branches": 13, "missing_branches": 1}, "missing_lines": [], "excluded_lines": [155, 156], "executed_branches": [[132, 133], [132, 135], [137, 138], [137, 142], [139, 140], [139, 144], [144, 145], [144, 158], [145, 144], [145, 146], [151, 152], [151, 153], [153, 154]], "missing_branches": [[153, 144]]}, "get_example_description": {"executed_lines": [163, 164, 165, 166, 168, 171, 172, 173, 175, 176, 178, 179, 180, 181], "summary": {"covered_lines": 14, "num_statements": 15, "percent_covered": 86.95652173913044, "percent_covered_display": "87", "missing_lines": 1, "excluded_lines": 0, "num_branches": 8, "num_partial_branches": 2, "covered_branches": 6, "missing_branches": 2}, "missing_lines": [169], "excluded_lines": [], "executed_branches": [[165, 166], [168, 171], [171, 172], [171, 178], [173, 175], [173, 176]], "missing_branches": [[165, 181], [168, 169]]}, "examples_cli": {"executed_lines": [], "summary": {"covered_lines": 0, "num_statements": 2, "percent_covered": 0.0, "percent_covered_display": "0", "missing_lines": 2, "excluded_lines": 0, "num_branches": 2, "num_partial_branches": 0, "covered_branches": 0, "missing_branches": 2}, "missing_lines": [196, 197], "excluded_lines": [], "executed_branches": [], "missing_branches": [[196, -189], [196, 197]]}, "list_examples": {"executed_lines": [], "summary": {"covered_lines": 0, "num_statements": 1, "percent_covered": 0.0, "percent_covered_display": "0", "missing_lines": 1, "excluded_lines": 0, "num_branches": 0, "num_partial_branches": 0, "covered_branches": 0, "missing_branches": 0}, "missing_lines": [209], "excluded_lines": [], "executed_branches": [], "missing_branches": []}, "run_example": {"executed_lines": [], "summary": {"covered_lines": 0, "num_statements": 1, "percent_covered": 0.0, "percent_covered_display": "0", "missing_lines": 1, "excluded_lines": 0, "num_branches": 0, "num_partial_branches": 0, "covered_branches": 0, "missing_branches": 0}, "missing_lines": [216], "excluded_lines": [], "executed_branches": [], "missing_branches": []}, "select_example": {"executed_lines": [], "summary": {"covered_lines": 0, "num_statements": 1, "percent_covered": 0.0, "percent_covered_display": "0", "missing_lines": 1, "excluded_lines": 0, "num_branches": 0, "num_partial_branches": 0, "covered_branches": 0, "missing_branches": 0}, "missing_lines": [223], "excluded_lines": [], "executed_branches": [], "missing_branches": []}, "list_examples_cmd": {"executed_lines": [228, 230, 231, 232, 234, 235, 237], "summary": {"covered_lines": 7, "num_statements": 7, "percent_covered": 100.0, "percent_covered_display": "100", "missing_lines": 0, "excluded_lines": 0, "num_branches": 4, "num_partial_branches": 0, "covered_branches": 4, "missing_branches": 0}, "missing_lines": [], "excluded_lines": [], "executed_branches": [[230, 231], [230, 234], [234, 235], [234, 237]], "missing_branches": []}, "_show_no_examples_message": {"executed_lines": [242, 243, 244, 245, 246, 248], "summary": {"covered_lines": 6, "num_statements": 6, "percent_covered": 90.0, "percent_covered_display": "90", "missing_lines": 0, "excluded_lines": 0, "num_branches": 4, "num_partial_branches": 1, "covered_branches": 3, "missing_branches": 1}, "missing_lines": [], "excluded_lines": [], "executed_branches": [[242, 243], [242, 248], [245, 246]], "missing_branches": [[245, -240]]}, "_display_examples_table": {"executed_lines": [253, 254, 255, 256, 258, 259, 260, 262, 263, 265, 266, 267], "summary": {"covered_lines": 12, "num_statements": 12, "percent_covered": 88.88888888888889, "percent_covered_display": "89", "missing_lines": 0, "excluded_lines": 0, "num_branches": 6, "num_partial_branches": 2, "covered_branches": 4, "missing_branches": 2}, "missing_lines": [], "excluded_lines": [], "executed_branches": [[258, 259], [258, 262], [262, 263], [266, 267]], "missing_branches": [[262, 265], [266, -251]]}, "_display_examples_plain": {"executed_lines": [272, 273, 274], "summary": {"covered_lines": 3, "num_statements": 3, "percent_covered": 100.0, "percent_covered_display": "100", "missing_lines": 0, "excluded_lines": 0, "num_branches": 2, "num_partial_branches": 0, "covered_branches": 2, "missing_branches": 0}, "missing_lines": [], "excluded_lines": [], "executed_branches": [[273, -270], [273, 274]], "missing_branches": []}, "run_example_cmd": {"executed_lines": [279, 281, 282, 283, 284, 286, 287, 288, 289, 291], "summary": {"covered_lines": 10, "num_statements": 10, "percent_covered": 100.0, "percent_covered_display": "100", "missing_lines": 0, "excluded_lines": 0, "num_branches": 2, "num_partial_branches": 0, "covered_branches": 2, "missing_branches": 0}, "missing_lines": [], "excluded_lines": [], "executed_branches": [[281, 282], [281, 286]], "missing_branches": []}, "interactive_cmd": {"executed_lines": [296, 297, 298, 300, 302, 305], "summary": {"covered_lines": 0, "num_statements": 0, "percent_covered": 100.0, "percent_covered_display": "100", "missing_lines": 0, "excluded_lines": 7, "num_branches": 0, "num_partial_branches": 0, "covered_branches": 0, "missing_branches": 0}, "missing_lines": [], "excluded_lines": [296, 297, 298, 300, 302, 303, 305], "executed_branches": [], "missing_branches": []}, "_format_category_name": {"executed_lines": [], "summary": {"covered_lines": 0, "num_statements": 4, "percent_covered": 0.0, "percent_covered_display": "0", "missing_lines": 4, "excluded_lines": 0, "num_branches": 2, "num_partial_branches": 0, "covered_branches": 0, "missing_branches": 2}, "missing_lines": [311, 317, 318, 321], "excluded_lines": [], "executed_branches": [], "missing_branches": [[317, 318], [317, 321]]}, "_category_menu_loop": {"executed_lines": [], "summary": {"covered_lines": 0, "num_statements": 0, "percent_covered": 100.0, "percent_covered_display": "100", "missing_lines": 0, "excluded_lines": 50, "num_branches": 0, "num_partial_branches": 0, "covered_branches": 0, "missing_branches": 0}, "missing_lines": [], "excluded_lines": [325, 326, 327, 328, 329, 330, 331, 332, 333, 334, 335, 336, 337, 338, 339, 340, 341, 342, 343, 344, 345, 346, 347, 348, 349, 350, 351, 352, 353, 354, 355, 356, 357, 358, 359, 360, 361, 362, 363, 364, 365, 366, 367, 368, 369, 370, 371, 372, 373, 374], "executed_branches": [], "missing_branches": []}, "_domain_category_menu_loop": {"executed_lines": [], "summary": {"covered_lines": 0, "num_statements": 0, "percent_covered": 100.0, "percent_covered_display": "100", "missing_lines": 0, "excluded_lines": 44, "num_branches": 0, "num_partial_branches": 0, "covered_branches": 0, "missing_branches": 0}, "missing_lines": [], "excluded_lines": [379, 380, 381, 382, 383, 384, 385, 386, 387, 388, 389, 390, 391, 392, 393, 394, 395, 396, 397, 398, 399, 400, 401, 402, 403, 404, 405, 406, 407, 408, 409, 410, 411, 412, 413, 414, 415, 416, 417, 418, 419, 420, 421, 422], "executed_branches": [], "missing_branches": []}, "_examples_menu_loop": {"executed_lines": [], "summary": {"covered_lines": 0, "num_statements": 0, "percent_covered": 100.0, "percent_covered_display": "100", "missing_lines": 0, "excluded_lines": 16, "num_branches": 0, "num_partial_branches": 0, "covered_branches": 0, "missing_branches": 0}, "missing_lines": [], "excluded_lines": [427, 428, 429, 430, 431, 432, 433, 434, 435, 436, 437, 438, 439, 440, 441, 442], "executed_branches": [], "missing_branches": []}, "_show_category_header": {"executed_lines": [], "summary": {"covered_lines": 0, "num_statements": 0, "percent_covered": 100.0, "percent_covered_display": "100", "missing_lines": 0, "excluded_lines": 5, "num_branches": 0, "num_partial_branches": 0, "covered_branches": 0, "missing_branches": 0}, "missing_lines": [], "excluded_lines": [447, 448, 449, 450, 451], "executed_branches": [], "missing_branches": []}, "_build_example_menu_entries": {"executed_lines": [], "summary": {"covered_lines": 0, "num_statements": 0, "percent_covered": 100.0, "percent_covered_display": "100", "missing_lines": 0, "excluded_lines": 13, "num_branches": 0, "num_partial_branches": 0, "covered_branches": 0, "missing_branches": 0}, "missing_lines": [], "excluded_lines": [455, 456, 457, 458, 459, 460, 461, 462, 463, 464, 465, 466, 467], "executed_branches": [], "missing_branches": []}, "_handle_menu_selection": {"executed_lines": [], "summary": {"covered_lines": 0, "num_statements": 0, "percent_covered": 100.0, "percent_covered_display": "100", "missing_lines": 0, "excluded_lines": 24, "num_branches": 0, "num_partial_branches": 0, "covered_branches": 0, "missing_branches": 0}, "missing_lines": [], "excluded_lines": [473, 474, 475, 476, 477, 478, 479, 480, 481, 482, 483, 484, 485, 486, 487, 488, 489, 490, 491, 492, 493, 494, 495, 496], "executed_branches": [], "missing_branches": []}, "_run_and_show_result": {"executed_lines": [], "summary": {"covered_lines": 0, "num_statements": 0, "percent_covered": 100.0, "percent_covered_display": "100", "missing_lines": 0, "excluded_lines": 12, "num_branches": 0, "num_partial_branches": 0, "covered_branches": 0, "missing_branches": 0}, "missing_lines": [], "excluded_lines": [500, 501, 502, 503, 504, 505, 506, 507, 508, 509, 510, 511], "executed_branches": [], "missing_branches": []}, "_fallback_interactive_simple": {"executed_lines": [516, 517, 518, 519, 521, 523, 524, 525, 526, 528, 529, 530, 531, 533, 535, 536, 538, 539, 540, 542, 543, 544, 545, 546, 547, 549, 550, 551], "summary": {"covered_lines": 0, "num_statements": 0, "percent_covered": 100.0, "percent_covered_display": "100", "missing_lines": 0, "excluded_lines": 37, "num_branches": 0, "num_partial_branches": 0, "covered_branches": 0, "missing_branches": 0}, "missing_lines": [], "excluded_lines": [515, 516, 517, 518, 519, 520, 521, 522, 523, 524, 525, 526, 527, 528, 529, 530, 531, 532, 533, 534, 535, 536, 537, 538, 539, 540, 541, 542, 543, 544, 545, 546, 547, 548, 549, 550, 551], "executed_branches": [], "missing_branches": []}, "_check_requirements": {"executed_lines": [], "summary": {"covered_lines": 0, "num_statements": 27, "percent_covered": 0.0, "percent_covered_display": "0", "missing_lines": 27, "excluded_lines": 2, "num_branches": 16, "num_partial_branches": 0, "covered_branches": 0, "missing_branches": 16}, "missing_lines": [556, 559, 569, 570, 571, 575, 576, 578, 579, 580, 583, 585, 586, 588, 589, 590, 591, 592, 593, 594, 595, 596, 597, 598, 599, 600, 601], "excluded_lines": [572, 573], "executed_branches": [], "missing_branches": [[576, 578], [576, 588], [578, 579], [578, 580], [585, 576], [585, 586], [588, 589], [588, 596], [590, 591], [590, 592], [594, -554], [594, 595], [596, -554], [596, 597], [600, -554], [600, 601]]}, "_execute_example": {"executed_lines": [607, 608, 618, 619, 620, 621, 623, 625, 626, 627, 628, 629, 632, 633], "summary": {"covered_lines": 12, "num_statements": 21, "percent_covered": 55.172413793103445, "percent_covered_display": "55", "missing_lines": 9, "excluded_lines": 2, "num_branches": 8, "num_partial_branches": 2, "covered_branches": 4, "missing_branches": 4}, "missing_lines": [609, 610, 611, 612, 613, 615, 616, 630, 631], "excluded_lines": [632, 633], "executed_branches": [[608, 618], [620, 621], [620, 623], [629, -604]], "missing_branches": [[608, 609], [612, 613], [612, 615], [629, 630]]}, "": {"executed_lines": [1, 5, 6, 7, 8, 9, 11, 13, 14, 15, 17, 18, 23, 24, 26, 32, 55, 91, 108, 122, 161, 189, 190, 191, 205, 206, 207, 212, 213, 214, 219, 220, 221, 226, 240, 251, 270, 277, 294, 308, 324, 378, 426, 446, 454, 470, 499, 514, 554, 604], "summary": {"covered_lines": 41, "num_statements": 41, "percent_covered": 100.0, "percent_covered_display": "100", "missing_lines": 0, "excluded_lines": 16, "num_branches": 0, "num_partial_branches": 0, "covered_branches": 0, "missing_branches": 0}, "missing_lines": [], "excluded_lines": [19, 20, 21, 27, 28, 29, 324, 378, 426, 446, 454, 470, 471, 472, 499, 514], "executed_branches": [], "missing_branches": []}}, "classes": {"": {"executed_lines": [1, 5, 6, 7, 8, 9, 11, 13, 14, 15, 17, 18, 23, 24, 26, 32, 40, 43, 44, 48, 49, 55, 91, 93, 94, 95, 97, 98, 99, 100, 101, 102, 103, 105, 108, 110, 111, 113, 115, 116, 117, 119, 122, 131, 132, 133, 135, 137, 138, 139, 140, 142, 144, 145, 146, 147, 148, 149, 151, 152, 153, 154, 158, 161, 163, 164, 165, 166, 168, 171, 172, 173, 175, 176, 178, 179, 180, 181, 189, 190, 191, 205, 206, 207, 212, 213, 214, 219, 220, 221, 226, 228, 230, 231, 232, 234, 235, 237, 240, 242, 243, 244, 245, 246, 248, 251, 253, 254, 255, 256, 258, 259, 260, 262, 263, 265, 266, 267, 270, 272, 273, 274, 277, 279, 281, 282, 283, 284, 286, 287, 288, 289, 291, 294, 296, 297, 298, 300, 302, 305, 308, 324, 378, 426, 446, 454, 470, 499, 514, 516, 517, 518, 519, 521, 523, 524, 525, 526, 528, 529, 530, 531, 533, 535, 536, 538, 539, 540, 542, 543, 544, 545, 546, 547, 549, 550, 551, 554, 604, 607, 608, 618, 619, 620, 621, 623, 625, 626, 627, 628, 629, 632, 633], "summary": {"covered_lines": 148, "num_statements": 194, "percent_covered": 72.10144927536231, "percent_covered_display": "72", "missing_lines": 46, "excluded_lines": 233, "num_branches": 82, "num_partial_branches": 9, "covered_branches": 51, "missing_branches": 31}, "missing_lines": [169, 196, 197, 209, 216, 223, 311, 317, 318, 321, 556, 559, 569, 570, 571, 575, 576, 578, 579, 580, 583, 585, 586, 588, 589, 590, 591, 592, 593, 594, 595, 596, 597, 598, 599, 600, 601, 609, 610, 611, 612, 613, 615, 616, 630, 631], "excluded_lines": [19, 20, 21, 27, 28, 29, 45, 50, 51, 155, 156, 296, 297, 298, 300, 302, 303, 305, 324, 325, 326, 327, 328, 329, 330, 331, 332, 333, 334, 335, 336, 337, 338, 339, 340, 341, 342, 343, 344, 345, 346, 347, 348, 349, 350, 351, 352, 353, 354, 355, 356, 357, 358, 359, 360, 361, 362, 363, 364, 365, 366, 367, 368, 369, 370, 371, 372, 373, 374, 378, 379, 380, 381, 382, 383, 384, 385, 386, 387, 388, 389, 390, 391, 392, 393, 394, 395, 396, 397, 398, 399, 400, 401, 402, 403, 404, 405, 406, 407, 408, 409, 410, 411, 412, 413, 414, 415, 416, 417, 418, 419, 420, 421, 422, 426, 427, 428, 429, 430, 431, 432, 433, 434, 435, 436, 437, 438, 439, 440, 441, 442, 446, 447, 448, 449, 450, 451, 454, 455, 456, 457, 458, 459, 460, 461, 462, 463, 464, 465, 466, 467, 470, 471, 472, 473, 474, 475, 476, 477, 478, 479, 480, 481, 482, 483, 484, 485, 486, 487, 488, 489, 490, 491, 492, 493, 494, 495, 496, 499, 500, 501, 502, 503, 504, 505, 506, 507, 508, 509, 510, 511, 514, 515, 516, 517, 518, 519, 520, 521, 522, 523, 524, 525, 526, 527, 528, 529, 530, 531, 532, 533, 534, 535, 536, 537, 538, 539, 540, 541, 542, 543, 544, 545, 546, 547, 548, 549, 550, 551, 572, 573, 632, 633], "executed_branches": [[94, 95], [94, 97], [98, 99], [98, 105], [99, 98], [99, 100], [100, 98], [100, 101], [101, 100], [101, 102], [113, 115], [113, 119], [116, 117], [132, 133], [132, 135], [137, 138], [137, 142], [139, 140], [139, 144], [144, 145], [144, 158], [145, 144], [145, 146], [151, 152], [151, 153], [153, 154], [165, 166], [168, 171], [171, 172], [171, 178], [173, 175], [173, 176], [230, 231], [230, 234], [234, 235], [234, 237], [242, 243], [242, 248], [245, 246], [258, 259], [258, 262], [262, 263], [266, 267], [273, -270], [273, 274], [281, 282], [281, 286], [608, 618], [620, 621], [620, 623], [629, -604]], "missing_branches": [[116, 113], [153, 144], [165, 181], [168, 169], [196, -189], [196, 197], [245, -240], [262, 265], [266, -251], [317, 318], [317, 321], [576, 578], [576, 588], [578, 579], [578, 580], [585, 576], [585, 586], [588, 589], [588, 596], [590, 591], [590, 592], [594, -554], [594, 595], [596, -554], [596, 597], [600, -554], [600, 601], [608, 609], [612, 613], [612, 615], [629, 630]]}}}, "sagaz/cli/project.py": {"executed_lines": [1, 2, 3, 4, 6, 7, 9, 10, 12, 17, 19, 20, 31, 43, 55, 84, 85, 96, 97, 98, 102, 104, 105, 108, 111, 113, 116, 117, 118, 121, 122, 125, 126, 129, 130, 133, 134, 135, 136, 138, 139, 142, 144, 146, 148, 151, 153, 154, 156, 158, 159, 160, 161, 164, 165, 166, 168, 169, 170, 171, 174, 176, 181, 184, 186, 187, 188, 189, 191, 192, 193, 196, 201, 202, 203, 204, 206, 209, 210, 214, 215, 216, 218, 219, 224, 225, 226, 228, 231, 232, 233, 236, 238, 239, 241, 244, 245, 249, 253, 254, 256, 258, 263, 264, 265, 267, 269, 270, 271, 272, 274, 275, 277], "summary": {"covered_lines": 113, "num_statements": 134, "percent_covered": 82.02247191011236, "percent_covered_display": "82", "missing_lines": 21, "excluded_lines": 0, "num_branches": 44, "num_partial_branches": 9, "covered_branches": 33, "missing_branches": 11}, "missing_lines": [13, 14, 24, 106, 107, 162, 172, 179, 180, 220, 221, 222, 250, 251, 259, 260, 278, 280, 281, 282, 283], "excluded_lines": [], "executed_branches": [[19, 20], [104, 105], [104, 113], [105, 108], [108, 111], [134, 135], [161, 164], [168, 169], [168, 181], [169, 168], [169, 170], [171, 174], [186, -184], [186, 187], [188, 189], [188, 191], [191, 186], [191, 192], [192, 193], [202, 203], [202, 206], [214, 215], [214, 218], [231, 232], [231, 236], [232, 231], [232, 233], [238, 239], [238, 241], [249, 253], [258, 263], [274, 275], [274, 277]], "missing_branches": [[19, 24], [105, 106], [108, 113], [134, 138], [161, 162], [171, 172], [192, 191], [249, 250], [258, 259], [282, -244], [282, 283]], "functions": {"echo": {"executed_lines": [19, 20], "summary": {"covered_lines": 2, "num_statements": 3, "percent_covered": 60.0, "percent_covered_display": "60", "missing_lines": 1, "excluded_lines": 0, "num_branches": 2, "num_partial_branches": 1, "covered_branches": 1, "missing_branches": 1}, "missing_lines": [24], "excluded_lines": [], "executed_branches": [[19, 20]], "missing_branches": [[19, 24]]}, "project_cli": {"executed_lines": [], "summary": {"covered_lines": 0, "num_statements": 0, "percent_covered": 100.0, "percent_covered_display": "100", "missing_lines": 0, "excluded_lines": 0, "num_branches": 0, "num_partial_branches": 0, "covered_branches": 0, "missing_branches": 0}, "missing_lines": [], "excluded_lines": [], "executed_branches": [], "missing_branches": []}, "init": {"executed_lines": [102, 104, 105, 108, 111, 113, 116, 117, 118, 121, 122, 125, 126, 129, 130, 133, 134, 135, 136, 138, 139], "summary": {"covered_lines": 21, "num_statements": 23, "percent_covered": 83.87096774193549, "percent_covered_display": "84", "missing_lines": 2, "excluded_lines": 0, "num_branches": 8, "num_partial_branches": 3, "covered_branches": 5, "missing_branches": 3}, "missing_lines": [106, 107], "excluded_lines": [], "executed_branches": [[104, 105], [104, 113], [105, 108], [108, 111], [134, 135]], "missing_branches": [[105, 106], [108, 113], [134, 138]]}, "_is_valid_saga_class": {"executed_lines": [144, 146, 148], "summary": {"covered_lines": 3, "num_statements": 3, "percent_covered": 100.0, "percent_covered_display": "100", "missing_lines": 0, "excluded_lines": 0, "num_branches": 0, "num_partial_branches": 0, "covered_branches": 0, "missing_branches": 0}, "missing_lines": [], "excluded_lines": [], "executed_branches": [], "missing_branches": []}, "_inspect_module": {"executed_lines": [153, 154, 156, 158, 159, 160, 161, 164, 165, 166, 168, 169, 170, 171, 174, 176, 181], "summary": {"covered_lines": 17, "num_statements": 21, "percent_covered": 79.3103448275862, "percent_covered_display": "79", "missing_lines": 4, "excluded_lines": 0, "num_branches": 8, "num_partial_branches": 2, "covered_branches": 6, "missing_branches": 2}, "missing_lines": [162, 172, 179, 180], "excluded_lines": [], "executed_branches": [[161, 164], [168, 169], [168, 181], [169, 168], [169, 170], [171, 174]], "missing_branches": [[161, 162], [171, 172]]}, "_iter_python_files": {"executed_lines": [186, 187, 188, 189, 191, 192, 193], "summary": {"covered_lines": 7, "num_statements": 7, "percent_covered": 93.33333333333333, "percent_covered_display": "93", "missing_lines": 0, "excluded_lines": 0, "num_branches": 8, "num_partial_branches": 1, "covered_branches": 7, "missing_branches": 1}, "missing_lines": [], "excluded_lines": [], "executed_branches": [[186, -184], [186, 187], [188, 189], [188, 191], [191, 186], [191, 192], [192, 193]], "missing_branches": [[192, 191]]}, "_discover_sagas": {"executed_lines": [201, 202, 203, 204, 206], "summary": {"covered_lines": 5, "num_statements": 5, "percent_covered": 100.0, "percent_covered_display": "100", "missing_lines": 0, "excluded_lines": 0, "num_branches": 2, "num_partial_branches": 0, "covered_branches": 2, "missing_branches": 0}, "missing_lines": [], "excluded_lines": [], "executed_branches": [[202, 203], [202, 206]], "missing_branches": []}, "check": {"executed_lines": [214, 215, 216, 218, 219, 224, 225, 226, 228, 231, 232, 233, 236, 238, 239, 241], "summary": {"covered_lines": 16, "num_statements": 19, "percent_covered": 88.88888888888889, "percent_covered_display": "89", "missing_lines": 3, "excluded_lines": 0, "num_branches": 8, "num_partial_branches": 0, "covered_branches": 8, "missing_branches": 0}, "missing_lines": [220, 221, 222], "excluded_lines": [], "executed_branches": [[214, 215], [214, 218], [231, 232], [231, 236], [232, 231], [232, 233], [238, 239], [238, 241]], "missing_branches": []}, "list_sagas": {"executed_lines": [249, 253, 254, 256, 258, 263, 264, 265, 267, 269, 270, 271, 272, 274, 275, 277], "summary": {"covered_lines": 16, "num_statements": 25, "percent_covered": 60.60606060606061, "percent_covered_display": "61", "missing_lines": 9, "excluded_lines": 0, "num_branches": 8, "num_partial_branches": 2, "covered_branches": 4, "missing_branches": 4}, "missing_lines": [250, 251, 259, 260, 278, 280, 281, 282, 283], "excluded_lines": [], "executed_branches": [[249, 253], [258, 263], [274, 275], [274, 277]], "missing_branches": [[249, 250], [258, 259], [282, -244], [282, 283]]}, "": {"executed_lines": [1, 2, 3, 4, 6, 7, 9, 10, 12, 17, 31, 43, 55, 84, 85, 96, 97, 98, 142, 151, 184, 196, 209, 210, 244, 245], "summary": {"covered_lines": 26, "num_statements": 28, "percent_covered": 92.85714285714286, "percent_covered_display": "93", "missing_lines": 2, "excluded_lines": 0, "num_branches": 0, "num_partial_branches": 0, "covered_branches": 0, "missing_branches": 0}, "missing_lines": [13, 14], "excluded_lines": [], "executed_branches": [], "missing_branches": []}}, "classes": {"": {"executed_lines": [1, 2, 3, 4, 6, 7, 9, 10, 12, 17, 19, 20, 31, 43, 55, 84, 85, 96, 97, 98, 102, 104, 105, 108, 111, 113, 116, 117, 118, 121, 122, 125, 126, 129, 130, 133, 134, 135, 136, 138, 139, 142, 144, 146, 148, 151, 153, 154, 156, 158, 159, 160, 161, 164, 165, 166, 168, 169, 170, 171, 174, 176, 181, 184, 186, 187, 188, 189, 191, 192, 193, 196, 201, 202, 203, 204, 206, 209, 210, 214, 215, 216, 218, 219, 224, 225, 226, 228, 231, 232, 233, 236, 238, 239, 241, 244, 245, 249, 253, 254, 256, 258, 263, 264, 265, 267, 269, 270, 271, 272, 274, 275, 277], "summary": {"covered_lines": 113, "num_statements": 134, "percent_covered": 82.02247191011236, "percent_covered_display": "82", "missing_lines": 21, "excluded_lines": 0, "num_branches": 44, "num_partial_branches": 9, "covered_branches": 33, "missing_branches": 11}, "missing_lines": [13, 14, 24, 106, 107, 162, 172, 179, 180, 220, 221, 222, 250, 251, 259, 260, 278, 280, 281, 282, 283], "excluded_lines": [], "executed_branches": [[19, 20], [104, 105], [104, 113], [105, 108], [108, 111], [134, 135], [161, 164], [168, 169], [168, 181], [169, 168], [169, 170], [171, 174], [186, -184], [186, 187], [188, 189], [188, 191], [191, 186], [191, 192], [192, 193], [202, 203], [202, 206], [214, 215], [214, 218], [231, 232], [231, 236], [232, 231], [232, 233], [238, 239], [238, 241], [249, 253], [258, 263], [274, 275], [274, 277]], "missing_branches": [[19, 24], [105, 106], [108, 113], [134, 138], [161, 162], [171, 172], [192, 191], [249, 250], [258, 259], [282, -244], [282, 283]]}}}, "sagaz/cli/replay.py": {"executed_lines": [1, 7, 8, 9, 10, 11, 13, 15, 16, 17, 18, 19, 20, 22, 23, 28, 38, 39, 48, 50, 51, 52, 53, 54, 58, 59, 60, 61, 64, 72, 73, 86, 89, 91, 92, 94, 97, 99, 100, 105, 107, 108, 111, 117, 118, 119, 125, 132, 136, 142, 148, 154, 170, 171, 172, 173, 174, 177, 178, 179, 180, 183, 186, 187, 199, 200, 201, 203, 204, 206, 207, 208, 211, 213, 214, 216, 217, 218, 219, 220, 221, 222, 223, 225, 226, 227, 230, 232, 233, 235, 236, 248, 249, 250, 251, 255, 265, 268, 269, 271, 273, 274, 277, 283, 286, 293, 295, 303, 304, 305, 311, 318, 322, 327, 334, 350, 351, 352, 353, 354, 357, 358, 359, 361, 362, 363, 364, 367, 368, 371, 373, 374, 375, 378, 381, 383, 384, 386, 388, 391, 393, 394, 396, 397, 400, 403, 421, 423, 424, 425, 426, 427, 428, 429, 430, 431, 434, 443, 446, 447, 449, 451, 452, 455, 458, 460, 461, 462, 463, 464, 467, 468, 469, 470, 471, 473, 481, 482, 483, 488, 493, 500, 507, 522, 523, 524, 525, 526, 529, 530, 532, 533, 534, 535, 536, 537, 539, 540, 541, 542, 543, 544, 547, 548, 549, 551, 552, 553, 556, 559, 567, 570, 571, 573, 575, 576, 579, 582, 584, 585, 586, 589, 590, 591, 592, 593, 594, 595, 597, 598, 606, 607, 609, 610, 611, 615], "summary": {"covered_lines": 232, "num_statements": 259, "percent_covered": 88.51963746223565, "percent_covered_display": "89", "missing_lines": 27, "excluded_lines": 3, "num_branches": 72, "num_partial_branches": 9, "covered_branches": 61, "missing_branches": 11}, "missing_lines": [24, 25, 26, 29, 30, 102, 110, 112, 114, 252, 360, 377, 398, 405, 406, 407, 408, 409, 410, 411, 412, 413, 414, 416, 417, 418, 555], "excluded_lines": [274, 452, 576], "executed_branches": [[28, 38], [51, 52], [51, 61], [52, 53], [52, 59], [72, 73], [72, 86], [91, 92], [91, 94], [99, 100], [107, 108], [111, -105], [199, 200], [199, 203], [213, 214], [213, 216], [217, 218], [217, 225], [221, 222], [221, 223], [226, -211], [226, 227], [232, 233], [232, 235], [235, 236], [235, 248], [251, -230], [268, 269], [268, 273], [359, 367], [374, 375], [383, 384], [383, 388], [393, 394], [393, 397], [397, 400], [430, -421], [430, 431], [446, 447], [446, 451], [458, 460], [458, 467], [461, 462], [461, 464], [468, 469], [468, 471], [532, 533], [532, 539], [539, 540], [539, 547], [552, 553], [570, 571], [570, 575], [584, 585], [584, 589], [589, 590], [589, 609], [597, 598], [597, 606], [610, 611], [610, 615]], "missing_branches": [[28, 29], [99, 102], [107, 110], [111, 112], [251, 252], [359, 360], [374, 377], [397, 398], [416, -403], [416, 417], [552, 555]], "functions": {"replay": {"executed_lines": [], "summary": {"covered_lines": 0, "num_statements": 0, "percent_covered": 100.0, "percent_covered_display": "100", "missing_lines": 0, "excluded_lines": 0, "num_branches": 0, "num_partial_branches": 0, "covered_branches": 0, "missing_branches": 0}, "missing_lines": [], "excluded_lines": [], "executed_branches": [], "missing_branches": []}, "_parse_overrides": {"executed_lines": [50, 51, 52, 53, 54, 58, 59, 60, 61], "summary": {"covered_lines": 9, "num_statements": 9, "percent_covered": 100.0, "percent_covered_display": "100", "missing_lines": 0, "excluded_lines": 0, "num_branches": 4, "num_partial_branches": 0, "covered_branches": 4, "missing_branches": 0}, "missing_lines": [], "excluded_lines": [], "executed_branches": [[51, 52], [51, 61], [52, 53], [52, 59]], "missing_branches": []}, "_display_replay_config": {"executed_lines": [72, 73, 86], "summary": {"covered_lines": 3, "num_statements": 3, "percent_covered": 100.0, "percent_covered_display": "100", "missing_lines": 0, "excluded_lines": 0, "num_branches": 2, "num_partial_branches": 0, "covered_branches": 2, "missing_branches": 0}, "missing_lines": [], "excluded_lines": [], "executed_branches": [[72, 73], [72, 86]], "missing_branches": []}, "_display_success": {"executed_lines": [91, 92, 94], "summary": {"covered_lines": 3, "num_statements": 3, "percent_covered": 100.0, "percent_covered_display": "100", "missing_lines": 0, "excluded_lines": 0, "num_branches": 2, "num_partial_branches": 0, "covered_branches": 2, "missing_branches": 0}, "missing_lines": [], "excluded_lines": [], "executed_branches": [[91, 92], [91, 94]], "missing_branches": []}, "_display_failure": {"executed_lines": [99, 100], "summary": {"covered_lines": 2, "num_statements": 3, "percent_covered": 60.0, "percent_covered_display": "60", "missing_lines": 1, "excluded_lines": 0, "num_branches": 2, "num_partial_branches": 1, "covered_branches": 1, "missing_branches": 1}, "missing_lines": [102], "excluded_lines": [], "executed_branches": [[99, 100]], "missing_branches": [[99, 102]]}, "_handle_exception": {"executed_lines": [107, 108, 111], "summary": {"covered_lines": 3, "num_statements": 6, "percent_covered": 50.0, "percent_covered_display": "50", "missing_lines": 3, "excluded_lines": 0, "num_branches": 4, "num_partial_branches": 2, "covered_branches": 2, "missing_branches": 2}, "missing_lines": [110, 112, 114], "excluded_lines": [], "executed_branches": [[107, 108], [111, -105]], "missing_branches": [[107, 110], [111, 112]]}, "replay_command": {"executed_lines": [170, 171, 172, 173, 174, 177, 178, 179, 180, 183, 186, 187, 199, 200, 201, 203, 204, 206, 207, 208], "summary": {"covered_lines": 20, "num_statements": 20, "percent_covered": 100.0, "percent_covered_display": "100", "missing_lines": 0, "excluded_lines": 0, "num_branches": 2, "num_partial_branches": 0, "covered_branches": 2, "missing_branches": 0}, "missing_lines": [], "excluded_lines": [], "executed_branches": [[199, 200], [199, 203]], "missing_branches": []}, "_show_checkpoints": {"executed_lines": [213, 214, 216, 217, 218, 219, 220, 221, 222, 223, 225, 226, 227], "summary": {"covered_lines": 13, "num_statements": 13, "percent_covered": 100.0, "percent_covered_display": "100", "missing_lines": 0, "excluded_lines": 0, "num_branches": 8, "num_partial_branches": 0, "covered_branches": 8, "missing_branches": 0}, "missing_lines": [], "excluded_lines": [], "executed_branches": [[213, 214], [213, 216], [217, 218], [217, 225], [221, 222], [221, 223], [226, -211], [226, 227]], "missing_branches": []}, "_show_replay_result": {"executed_lines": [232, 233, 235, 236, 248, 249, 250, 251], "summary": {"covered_lines": 8, "num_statements": 9, "percent_covered": 86.66666666666667, "percent_covered_display": "87", "missing_lines": 1, "excluded_lines": 0, "num_branches": 6, "num_partial_branches": 1, "covered_branches": 5, "missing_branches": 1}, "missing_lines": [252], "excluded_lines": [], "executed_branches": [[232, 233], [232, 235], [235, 236], [235, 248], [251, -230]], "missing_branches": [[251, 252]]}, "_execute_replay": {"executed_lines": [265, 268, 269, 271, 273, 274, 277, 283, 286, 293, 295], "summary": {"covered_lines": 10, "num_statements": 10, "percent_covered": 100.0, "percent_covered_display": "100", "missing_lines": 0, "excluded_lines": 1, "num_branches": 2, "num_partial_branches": 0, "covered_branches": 2, "missing_branches": 0}, "missing_lines": [], "excluded_lines": [274], "executed_branches": [[268, 269], [268, 273]], "missing_branches": []}, "time_travel_command": {"executed_lines": [350, 351, 352, 353, 354, 357, 358, 359, 361, 362, 363, 364, 367, 368, 371, 373, 374, 375, 378], "summary": {"covered_lines": 19, "num_statements": 21, "percent_covered": 84.0, "percent_covered_display": "84", "missing_lines": 2, "excluded_lines": 0, "num_branches": 4, "num_partial_branches": 2, "covered_branches": 2, "missing_branches": 2}, "missing_lines": [360, 377], "excluded_lines": [], "executed_branches": [[359, 367], [374, 375]], "missing_branches": [[359, 360], [374, 377]]}, "_display_key_value": {"executed_lines": [383, 384, 386, 388], "summary": {"covered_lines": 4, "num_statements": 4, "percent_covered": 100.0, "percent_covered_display": "100", "missing_lines": 0, "excluded_lines": 0, "num_branches": 2, "num_partial_branches": 0, "covered_branches": 2, "missing_branches": 0}, "missing_lines": [], "excluded_lines": [], "executed_branches": [[383, 384], [383, 388]], "missing_branches": []}, "_display_full_state": {"executed_lines": [393, 394, 396, 397, 400], "summary": {"covered_lines": 5, "num_statements": 6, "percent_covered": 80.0, "percent_covered_display": "80", "missing_lines": 1, "excluded_lines": 0, "num_branches": 4, "num_partial_branches": 1, "covered_branches": 3, "missing_branches": 1}, "missing_lines": [398], "excluded_lines": [], "executed_branches": [[393, 394], [393, 397], [397, 400]], "missing_branches": [[397, 398]]}, "_display_state_table": {"executed_lines": [], "summary": {"covered_lines": 0, "num_statements": 13, "percent_covered": 0.0, "percent_covered_display": "0", "missing_lines": 13, "excluded_lines": 0, "num_branches": 2, "num_partial_branches": 0, "covered_branches": 0, "missing_branches": 2}, "missing_lines": [405, 406, 407, 408, 409, 410, 411, 412, 413, 414, 416, 417, 418], "excluded_lines": [], "executed_branches": [], "missing_branches": [[416, -403], [416, 417]]}, "_display_state_text": {"executed_lines": [423, 424, 425, 426, 427, 428, 429, 430, 431], "summary": {"covered_lines": 9, "num_statements": 9, "percent_covered": 100.0, "percent_covered_display": "100", "missing_lines": 0, "excluded_lines": 0, "num_branches": 2, "num_partial_branches": 0, "covered_branches": 2, "missing_branches": 0}, "missing_lines": [], "excluded_lines": [], "executed_branches": [[430, -421], [430, 431]], "missing_branches": []}, "_execute_time_travel": {"executed_lines": [443, 446, 447, 449, 451, 452, 455, 458, 460, 461, 462, 463, 464, 467, 468, 469, 470, 471, 473], "summary": {"covered_lines": 18, "num_statements": 18, "percent_covered": 100.0, "percent_covered_display": "100", "missing_lines": 0, "excluded_lines": 1, "num_branches": 8, "num_partial_branches": 0, "covered_branches": 8, "missing_branches": 0}, "missing_lines": [], "excluded_lines": [452], "executed_branches": [[446, 447], [446, 451], [458, 460], [458, 467], [461, 462], [461, 464], [468, 469], [468, 471]], "missing_branches": []}, "list_changes_command": {"executed_lines": [522, 523, 524, 525, 526, 529, 530, 532, 533, 534, 535, 536, 537, 539, 540, 541, 542, 543, 544, 547, 548, 549, 551, 552, 553, 556], "summary": {"covered_lines": 26, "num_statements": 27, "percent_covered": 93.93939393939394, "percent_covered_display": "94", "missing_lines": 1, "excluded_lines": 0, "num_branches": 6, "num_partial_branches": 1, "covered_branches": 5, "missing_branches": 1}, "missing_lines": [555], "excluded_lines": [], "executed_branches": [[532, 533], [532, 539], [539, 540], [539, 547], [552, 553]], "missing_branches": [[552, 555]]}, "_execute_list_changes": {"executed_lines": [567, 570, 571, 573, 575, 576, 579, 582, 584, 585, 586, 589, 590, 591, 592, 593, 594, 595, 597, 598, 606, 607, 609, 610, 611, 615], "summary": {"covered_lines": 25, "num_statements": 25, "percent_covered": 100.0, "percent_covered_display": "100", "missing_lines": 0, "excluded_lines": 1, "num_branches": 10, "num_partial_branches": 0, "covered_branches": 10, "missing_branches": 0}, "missing_lines": [], "excluded_lines": [576], "executed_branches": [[570, 571], [570, 575], [584, 585], [584, 589], [589, 590], [589, 609], [597, 598], [597, 606], [610, 611], [610, 615]], "missing_branches": []}, "": {"executed_lines": [1, 7, 8, 9, 10, 11, 13, 15, 16, 17, 18, 19, 20, 22, 23, 28, 38, 39, 48, 64, 89, 97, 105, 117, 118, 119, 125, 132, 136, 142, 148, 154, 211, 230, 255, 303, 304, 305, 311, 318, 322, 327, 334, 381, 391, 403, 421, 434, 481, 482, 483, 488, 493, 500, 507, 559], "summary": {"covered_lines": 55, "num_statements": 60, "percent_covered": 90.3225806451613, "percent_covered_display": "90", "missing_lines": 5, "excluded_lines": 0, "num_branches": 2, "num_partial_branches": 1, "covered_branches": 1, "missing_branches": 1}, "missing_lines": [24, 25, 26, 29, 30], "excluded_lines": [], "executed_branches": [[28, 38]], "missing_branches": [[28, 29]]}}, "classes": {"": {"executed_lines": [1, 7, 8, 9, 10, 11, 13, 15, 16, 17, 18, 19, 20, 22, 23, 28, 38, 39, 48, 50, 51, 52, 53, 54, 58, 59, 60, 61, 64, 72, 73, 86, 89, 91, 92, 94, 97, 99, 100, 105, 107, 108, 111, 117, 118, 119, 125, 132, 136, 142, 148, 154, 170, 171, 172, 173, 174, 177, 178, 179, 180, 183, 186, 187, 199, 200, 201, 203, 204, 206, 207, 208, 211, 213, 214, 216, 217, 218, 219, 220, 221, 222, 223, 225, 226, 227, 230, 232, 233, 235, 236, 248, 249, 250, 251, 255, 265, 268, 269, 271, 273, 274, 277, 283, 286, 293, 295, 303, 304, 305, 311, 318, 322, 327, 334, 350, 351, 352, 353, 354, 357, 358, 359, 361, 362, 363, 364, 367, 368, 371, 373, 374, 375, 378, 381, 383, 384, 386, 388, 391, 393, 394, 396, 397, 400, 403, 421, 423, 424, 425, 426, 427, 428, 429, 430, 431, 434, 443, 446, 447, 449, 451, 452, 455, 458, 460, 461, 462, 463, 464, 467, 468, 469, 470, 471, 473, 481, 482, 483, 488, 493, 500, 507, 522, 523, 524, 525, 526, 529, 530, 532, 533, 534, 535, 536, 537, 539, 540, 541, 542, 543, 544, 547, 548, 549, 551, 552, 553, 556, 559, 567, 570, 571, 573, 575, 576, 579, 582, 584, 585, 586, 589, 590, 591, 592, 593, 594, 595, 597, 598, 606, 607, 609, 610, 611, 615], "summary": {"covered_lines": 232, "num_statements": 259, "percent_covered": 88.51963746223565, "percent_covered_display": "89", "missing_lines": 27, "excluded_lines": 3, "num_branches": 72, "num_partial_branches": 9, "covered_branches": 61, "missing_branches": 11}, "missing_lines": [24, 25, 26, 29, 30, 102, 110, 112, 114, 252, 360, 377, 398, 405, 406, 407, 408, 409, 410, 411, 412, 413, 414, 416, 417, 418, 555], "excluded_lines": [274, 452, 576], "executed_branches": [[28, 38], [51, 52], [51, 61], [52, 53], [52, 59], [72, 73], [72, 86], [91, 92], [91, 94], [99, 100], [107, 108], [111, -105], [199, 200], [199, 203], [213, 214], [213, 216], [217, 218], [217, 225], [221, 222], [221, 223], [226, -211], [226, 227], [232, 233], [232, 235], [235, 236], [235, 248], [251, -230], [268, 269], [268, 273], [359, 367], [374, 375], [383, 384], [383, 388], [393, 394], [393, 397], [397, 400], [430, -421], [430, 431], [446, 447], [446, 451], [458, 460], [458, 467], [461, 462], [461, 464], [468, 469], [468, 471], [532, 533], [532, 539], [539, 540], [539, 547], [552, 553], [570, 571], [570, 575], [584, 585], [584, 589], [589, 590], [589, 609], [597, 598], [597, 606], [610, 611], [610, 615]], "missing_branches": [[28, 29], [99, 102], [107, 110], [111, 112], [251, 252], [359, 360], [374, 377], [397, 398], [416, -403], [416, 417], [552, 555]]}}}, "sagaz/core/compliance.py": {"executed_lines": [5, 15, 16, 17, 18, 19, 20, 21, 23, 26, 29, 30, 32, 33, 34, 35, 38, 39, 40, 43, 44, 47, 48, 51, 52, 55, 56, 59, 60, 82, 83, 85, 94, 95, 97, 103, 104, 105, 106, 111, 113, 115, 117, 120, 121, 122, 123, 125, 127, 129, 131, 142, 143, 145, 147, 150, 151, 154, 157, 159, 161, 164, 165, 166, 169, 171, 176, 185, 186, 188, 192, 195, 197, 209, 210, 211, 213, 223, 225, 240, 241, 243, 251, 252, 254, 256, 262, 264, 265, 267, 269, 271, 273, 275], "summary": {"covered_lines": 89, "num_statements": 97, "percent_covered": 89.76377952755905, "percent_covered_display": "90", "missing_lines": 8, "excluded_lines": 2, "num_branches": 30, "num_partial_branches": 5, "covered_branches": 25, "missing_branches": 5}, "missing_lines": [98, 99, 118, 148, 162, 172, 173, 174], "excluded_lines": [23, 24], "executed_branches": [[94, 95], [94, 97], [97, 103], [104, 105], [104, 113], [105, 106], [105, 111], [117, 120], [121, 122], [121, 127], [122, 123], [122, 125], [147, 150], [161, 164], [185, 186], [185, 188], [209, 210], [209, 213], [240, 241], [240, 243], [251, 252], [264, 265], [264, 271], [265, 267], [265, 269]], "missing_branches": [[97, 98], [117, 118], [147, 148], [161, 162], [251, 254]], "functions": {"ComplianceManager.__init__": {"executed_lines": [83], "summary": {"covered_lines": 1, "num_statements": 1, "percent_covered": 100.0, "percent_covered_display": "100", "missing_lines": 0, "excluded_lines": 0, "num_branches": 0, "num_partial_branches": 0, "covered_branches": 0, "missing_branches": 0}, "missing_lines": [], "excluded_lines": [], "executed_branches": [], "missing_branches": []}, "ComplianceManager.encrypt_context": {"executed_lines": [94, 95, 97, 103, 104, 105, 106, 111, 113], "summary": {"covered_lines": 9, "num_statements": 11, "percent_covered": 84.21052631578948, "percent_covered_display": "84", "missing_lines": 2, "excluded_lines": 0, "num_branches": 8, "num_partial_branches": 1, "covered_branches": 7, "missing_branches": 1}, "missing_lines": [98, 99], "excluded_lines": [], "executed_branches": [[94, 95], [94, 97], [97, 103], [104, 105], [104, 113], [105, 106], [105, 111]], "missing_branches": [[97, 98]]}, "ComplianceManager.decrypt_context": {"executed_lines": [117, 120, 121, 122, 123, 125, 127], "summary": {"covered_lines": 7, "num_statements": 8, "percent_covered": 85.71428571428571, "percent_covered_display": "86", "missing_lines": 1, "excluded_lines": 0, "num_branches": 6, "num_partial_branches": 1, "covered_branches": 5, "missing_branches": 1}, "missing_lines": [118], "excluded_lines": [], "executed_branches": [[117, 120], [121, 122], [121, 127], [122, 123], [122, 125]], "missing_branches": [[117, 118]]}, "ComplianceManager._is_sensitive": {"executed_lines": [131, 142, 143], "summary": {"covered_lines": 3, "num_statements": 3, "percent_covered": 100.0, "percent_covered_display": "100", "missing_lines": 0, "excluded_lines": 0, "num_branches": 0, "num_partial_branches": 0, "covered_branches": 0, "missing_branches": 0}, "missing_lines": [], "excluded_lines": [], "executed_branches": [], "missing_branches": []}, "ComplianceManager._simple_encrypt": {"executed_lines": [147, 150, 151, 154, 157], "summary": {"covered_lines": 5, "num_statements": 6, "percent_covered": 75.0, "percent_covered_display": "75", "missing_lines": 1, "excluded_lines": 0, "num_branches": 2, "num_partial_branches": 1, "covered_branches": 1, "missing_branches": 1}, "missing_lines": [148], "excluded_lines": [], "executed_branches": [[147, 150]], "missing_branches": [[147, 148]]}, "ComplianceManager._simple_decrypt": {"executed_lines": [161, 164, 165, 166, 169, 171], "summary": {"covered_lines": 6, "num_statements": 10, "percent_covered": 58.333333333333336, "percent_covered_display": "58", "missing_lines": 4, "excluded_lines": 0, "num_branches": 2, "num_partial_branches": 1, "covered_branches": 1, "missing_branches": 1}, "missing_lines": [162, 172, 173, 174], "excluded_lines": [], "executed_branches": [[161, 164]], "missing_branches": [[161, 162]]}, "ComplianceManager.check_access": {"executed_lines": [185, 186, 188, 192, 195], "summary": {"covered_lines": 5, "num_statements": 5, "percent_covered": 100.0, "percent_covered_display": "100", "missing_lines": 0, "excluded_lines": 0, "num_branches": 2, "num_partial_branches": 0, "covered_branches": 2, "missing_branches": 0}, "missing_lines": [], "excluded_lines": [], "executed_branches": [[185, 186], [185, 188]], "missing_branches": []}, "ComplianceManager.delete_user_data": {"executed_lines": [209, 210, 211, 213, 223], "summary": {"covered_lines": 5, "num_statements": 5, "percent_covered": 100.0, "percent_covered_display": "100", "missing_lines": 0, "excluded_lines": 0, "num_branches": 2, "num_partial_branches": 0, "covered_branches": 2, "missing_branches": 0}, "missing_lines": [], "excluded_lines": [], "executed_branches": [[209, 210], [209, 213]], "missing_branches": []}, "ComplianceManager.create_audit_log": {"executed_lines": [240, 241, 243, 251, 252, 254], "summary": {"covered_lines": 6, "num_statements": 6, "percent_covered": 90.0, "percent_covered_display": "90", "missing_lines": 0, "excluded_lines": 0, "num_branches": 4, "num_partial_branches": 1, "covered_branches": 3, "missing_branches": 1}, "missing_lines": [], "excluded_lines": [], "executed_branches": [[240, 241], [240, 243], [251, 252]], "missing_branches": [[251, 254]]}, "ComplianceManager.anonymize_context": {"executed_lines": [262, 264, 265, 267, 269, 271], "summary": {"covered_lines": 6, "num_statements": 6, "percent_covered": 100.0, "percent_covered_display": "100", "missing_lines": 0, "excluded_lines": 0, "num_branches": 4, "num_partial_branches": 0, "covered_branches": 4, "missing_branches": 0}, "missing_lines": [], "excluded_lines": [], "executed_branches": [[264, 265], [264, 271], [265, 267], [265, 269]], "missing_branches": []}, "ComplianceManager._hash_value": {"executed_lines": [275], "summary": {"covered_lines": 1, "num_statements": 1, "percent_covered": 100.0, "percent_covered_display": "100", "missing_lines": 0, "excluded_lines": 0, "num_branches": 0, "num_partial_branches": 0, "covered_branches": 0, "missing_branches": 0}, "missing_lines": [], "excluded_lines": [], "executed_branches": [], "missing_branches": []}, "": {"executed_lines": [5, 15, 16, 17, 18, 19, 20, 21, 23, 26, 29, 30, 32, 33, 34, 35, 38, 39, 40, 43, 44, 47, 48, 51, 52, 55, 56, 59, 60, 82, 85, 115, 129, 145, 159, 176, 197, 225, 256, 273], "summary": {"covered_lines": 35, "num_statements": 35, "percent_covered": 100.0, "percent_covered_display": "100", "missing_lines": 0, "excluded_lines": 2, "num_branches": 0, "num_partial_branches": 0, "covered_branches": 0, "missing_branches": 0}, "missing_lines": [], "excluded_lines": [23, 24], "executed_branches": [], "missing_branches": []}}, "classes": {"AccessLevel": {"executed_lines": [], "summary": {"covered_lines": 0, "num_statements": 0, "percent_covered": 100.0, "percent_covered_display": "100", "missing_lines": 0, "excluded_lines": 0, "num_branches": 0, "num_partial_branches": 0, "covered_branches": 0, "missing_branches": 0}, "missing_lines": [], "excluded_lines": [], "executed_branches": [], "missing_branches": []}, "ComplianceConfig": {"executed_lines": [], "summary": {"covered_lines": 0, "num_statements": 0, "percent_covered": 100.0, "percent_covered_display": "100", "missing_lines": 0, "excluded_lines": 0, "num_branches": 0, "num_partial_branches": 0, "covered_branches": 0, "missing_branches": 0}, "missing_lines": [], "excluded_lines": [], "executed_branches": [], "missing_branches": []}, "ComplianceManager": {"executed_lines": [83, 94, 95, 97, 103, 104, 105, 106, 111, 113, 117, 120, 121, 122, 123, 125, 127, 131, 142, 143, 147, 150, 151, 154, 157, 161, 164, 165, 166, 169, 171, 185, 186, 188, 192, 195, 209, 210, 211, 213, 223, 240, 241, 243, 251, 252, 254, 262, 264, 265, 267, 269, 271, 275], "summary": {"covered_lines": 54, "num_statements": 62, "percent_covered": 85.8695652173913, "percent_covered_display": "86", "missing_lines": 8, "excluded_lines": 0, "num_branches": 30, "num_partial_branches": 5, "covered_branches": 25, "missing_branches": 5}, "missing_lines": [98, 99, 118, 148, 162, 172, 173, 174], "excluded_lines": [], "executed_branches": [[94, 95], [94, 97], [97, 103], [104, 105], [104, 113], [105, 106], [105, 111], [117, 120], [121, 122], [121, 127], [122, 123], [122, 125], [147, 150], [161, 164], [185, 186], [185, 188], [209, 210], [209, 213], [240, 241], [240, 243], [251, 252], [264, 265], [264, 271], [265, 267], [265, 269]], "missing_branches": [[97, 98], [117, 118], [147, 148], [161, 162], [251, 254]]}, "": {"executed_lines": [5, 15, 16, 17, 18, 19, 20, 21, 23, 26, 29, 30, 32, 33, 34, 35, 38, 39, 40, 43, 44, 47, 48, 51, 52, 55, 56, 59, 60, 82, 85, 115, 129, 145, 159, 176, 197, 225, 256, 273], "summary": {"covered_lines": 35, "num_statements": 35, "percent_covered": 100.0, "percent_covered_display": "100", "missing_lines": 0, "excluded_lines": 2, "num_branches": 0, "num_partial_branches": 0, "covered_branches": 0, "missing_branches": 0}, "missing_lines": [], "excluded_lines": [23, 24], "executed_branches": [], "missing_branches": []}}}, "sagaz/core/config.py": {"executed_lines": [1, 45, 47, 48, 49, 50, 52, 57, 60, 61, 62, 92, 95, 99, 102, 105, 106, 107, 110, 111, 112, 115, 116, 117, 119, 122, 123, 124, 128, 129, 130, 134, 135, 138, 139, 141, 142, 145, 148, 150, 152, 155, 156, 157, 158, 159, 160, 161, 162, 165, 167, 173, 175, 176, 178, 180, 187, 189, 191, 193, 194, 197, 199, 201, 203, 204, 205, 206, 212, 214, 217, 221, 223, 225, 227, 228, 234, 236, 244, 247, 248, 249, 250, 253, 254, 255, 256, 259, 260, 261, 262, 265, 266, 267, 271, 273, 274, 276, 278, 280, 292, 294, 306, 307, 325, 327, 328, 331, 332, 333, 336, 337, 338, 341, 342, 343, 344, 345, 346, 347, 349, 357, 358, 368, 370, 371, 372, 373, 375, 376, 378, 379, 382, 383, 384, 387, 388, 391, 399, 400, 402, 403, 405, 406, 408, 409, 411, 412, 414, 415, 417, 418, 420, 422, 423, 425, 426, 427, 428, 429, 430, 432, 433, 435, 436, 438, 439, 441, 442, 444, 445, 446, 447, 449, 450, 452, 453, 454, 455, 457, 458, 460, 461, 462, 463, 464, 465, 466, 468, 470, 471, 473, 474, 476, 477, 478, 480, 481, 482, 484, 485, 486, 488, 489, 491, 492, 495, 496, 497, 498, 499, 501, 502, 503, 504, 506, 507, 508, 509, 511, 512, 513, 517, 520, 523, 524, 525, 528, 531, 532], "summary": {"covered_lines": 227, "num_statements": 227, "percent_covered": 99.0228013029316, "percent_covered_display": "99", "missing_lines": 0, "excluded_lines": 4, "num_branches": 80, "num_partial_branches": 3, "covered_branches": 77, "missing_branches": 3}, "missing_lines": [], "excluded_lines": [52, 53, 54, 55], "executed_branches": [[122, 123], [122, 138], [123, 124], [123, 129], [129, 130], [129, 135], [138, 139], [138, 145], [156, 157], [158, 159], [175, 176], [187, 189], [187, 191], [191, 193], [191, 197], [199, 201], [199, 214], [204, 205], [204, 212], [214, 217], [214, 221], [247, 248], [247, 249], [249, 250], [249, 253], [253, 254], [253, 255], [255, 256], [255, 259], [259, 260], [259, 261], [261, 262], [261, 265], [265, 266], [265, 271], [332, 333], [332, 336], [337, 338], [337, 341], [343, 344], [343, 345], [345, 346], [345, 347], [371, 372], [371, 375], [378, 379], [378, 382], [402, 403], [402, 405], [408, 409], [408, 414], [414, 415], [414, 420], [435, 436], [435, 438], [441, 442], [441, 449], [449, 450], [449, 457], [457, 458], [457, 468], [473, 474], [473, 477], [477, 478], [477, 481], [481, 482], [481, 485], [491, 492], [491, 498], [498, 499], [498, 503], [503, 504], [503, 508], [508, 509], [508, 512], [523, 524], [523, 525]], "missing_branches": [[156, 160], [158, 160], [175, -150]], "functions": {"SagaConfig.__post_init__": {"executed_lines": [122, 123, 124, 128, 129, 130, 134, 135, 138, 139, 141, 142, 145, 148], "summary": {"covered_lines": 14, "num_statements": 14, "percent_covered": 100.0, "percent_covered_display": "100", "missing_lines": 0, "excluded_lines": 0, "num_branches": 8, "num_partial_branches": 0, "covered_branches": 8, "missing_branches": 0}, "missing_lines": [], "excluded_lines": [], "executed_branches": [[122, 123], [122, 138], [123, 124], [123, 129], [129, 130], [129, 135], [138, 139], [138, 145]], "missing_branches": []}, "SagaConfig._setup_from_manager": {"executed_lines": [152, 155, 156, 157, 158, 159, 160, 161, 162, 165, 167, 173, 175, 176, 178], "summary": {"covered_lines": 15, "num_statements": 15, "percent_covered": 85.71428571428571, "percent_covered_display": "86", "missing_lines": 0, "excluded_lines": 0, "num_branches": 6, "num_partial_branches": 3, "covered_branches": 3, "missing_branches": 3}, "missing_lines": [], "excluded_lines": [], "executed_branches": [[156, 157], [158, 159], [175, 176]], "missing_branches": [[156, 160], [158, 160], [175, -150]]}, "SagaConfig._derive_outbox_storage": {"executed_lines": [187, 189, 191, 193, 194, 197, 199, 201, 203, 204, 205, 206, 212, 214, 217, 221], "summary": {"covered_lines": 16, "num_statements": 16, "percent_covered": 100.0, "percent_covered_display": "100", "missing_lines": 0, "excluded_lines": 0, "num_branches": 10, "num_partial_branches": 0, "covered_branches": 10, "missing_branches": 0}, "missing_lines": [], "excluded_lines": [], "executed_branches": [[187, 189], [187, 191], [191, 193], [191, 197], [199, 201], [199, 214], [204, 205], [204, 212], [214, 217], [214, 221]], "missing_branches": []}, "SagaConfig._use_memory_outbox_with_warning": {"executed_lines": [225, 227, 228], "summary": {"covered_lines": 3, "num_statements": 3, "percent_covered": 100.0, "percent_covered_display": "100", "missing_lines": 0, "excluded_lines": 0, "num_branches": 0, "num_partial_branches": 0, "covered_branches": 0, "missing_branches": 0}, "missing_lines": [], "excluded_lines": [], "executed_branches": [], "missing_branches": []}, "SagaConfig._build_listeners": {"executed_lines": [236, 244, 247, 248, 249, 250, 253, 254, 255, 256, 259, 260, 261, 262, 265, 266, 267, 271], "summary": {"covered_lines": 18, "num_statements": 18, "percent_covered": 100.0, "percent_covered_display": "100", "missing_lines": 0, "excluded_lines": 0, "num_branches": 14, "num_partial_branches": 0, "covered_branches": 14, "missing_branches": 0}, "missing_lines": [], "excluded_lines": [], "executed_branches": [[247, 248], [247, 249], [249, 250], [249, 253], [253, 254], [253, 255], [255, 256], [255, 259], [259, 260], [259, 261], [261, 262], [261, 265], [265, 266], [265, 271]], "missing_branches": []}, "SagaConfig.listeners": {"executed_lines": [276], "summary": {"covered_lines": 1, "num_statements": 1, "percent_covered": 100.0, "percent_covered_display": "100", "missing_lines": 0, "excluded_lines": 0, "num_branches": 0, "num_partial_branches": 0, "covered_branches": 0, "missing_branches": 0}, "missing_lines": [], "excluded_lines": [], "executed_branches": [], "missing_branches": []}, "SagaConfig.with_storage": {"executed_lines": [280], "summary": {"covered_lines": 1, "num_statements": 1, "percent_covered": 100.0, "percent_covered_display": "100", "missing_lines": 0, "excluded_lines": 0, "num_branches": 0, "num_partial_branches": 0, "covered_branches": 0, "missing_branches": 0}, "missing_lines": [], "excluded_lines": [], "executed_branches": [], "missing_branches": []}, "SagaConfig.with_broker": {"executed_lines": [294], "summary": {"covered_lines": 1, "num_statements": 1, "percent_covered": 100.0, "percent_covered_display": "100", "missing_lines": 0, "excluded_lines": 0, "num_branches": 0, "num_partial_branches": 0, "covered_branches": 0, "missing_branches": 0}, "missing_lines": [], "excluded_lines": [], "executed_branches": [], "missing_branches": []}, "SagaConfig.from_env": {"executed_lines": [325, 327, 328, 331, 332, 333, 336, 337, 338, 341, 349], "summary": {"covered_lines": 11, "num_statements": 11, "percent_covered": 100.0, "percent_covered_display": "100", "missing_lines": 0, "excluded_lines": 0, "num_branches": 4, "num_partial_branches": 0, "covered_branches": 4, "missing_branches": 0}, "missing_lines": [], "excluded_lines": [], "executed_branches": [[332, 333], [332, 336], [337, 338], [337, 341]], "missing_branches": []}, "SagaConfig.from_env.parse_bool": {"executed_lines": [342, 343, 344, 345, 346, 347], "summary": {"covered_lines": 6, "num_statements": 6, "percent_covered": 100.0, "percent_covered_display": "100", "missing_lines": 0, "excluded_lines": 0, "num_branches": 4, "num_partial_branches": 0, "covered_branches": 4, "missing_branches": 0}, "missing_lines": [], "excluded_lines": [], "executed_branches": [[343, 344], [343, 345], [345, 346], [345, 347]], "missing_branches": []}, "SagaConfig.from_file": {"executed_lines": [368, 370, 371, 372, 373, 375, 376, 378, 379, 382, 383, 384, 387, 388, 391], "summary": {"covered_lines": 15, "num_statements": 15, "percent_covered": 100.0, "percent_covered_display": "100", "missing_lines": 0, "excluded_lines": 0, "num_branches": 4, "num_partial_branches": 0, "covered_branches": 4, "missing_branches": 0}, "missing_lines": [], "excluded_lines": [], "executed_branches": [[371, 372], [371, 375], [378, 379], [378, 382]], "missing_branches": []}, "SagaConfig._build_storage_from_config": {"executed_lines": [402, 403, 405, 406, 408, 409, 411, 412, 414, 415, 417, 418, 420], "summary": {"covered_lines": 13, "num_statements": 13, "percent_covered": 100.0, "percent_covered_display": "100", "missing_lines": 0, "excluded_lines": 0, "num_branches": 6, "num_partial_branches": 0, "covered_branches": 6, "missing_branches": 0}, "missing_lines": [], "excluded_lines": [], "executed_branches": [[402, 403], [402, 405], [408, 409], [408, 414], [414, 415], [414, 420]], "missing_branches": []}, "SagaConfig._build_postgres_url": {"executed_lines": [425, 426, 427, 428, 429, 430], "summary": {"covered_lines": 6, "num_statements": 6, "percent_covered": 100.0, "percent_covered_display": "100", "missing_lines": 0, "excluded_lines": 0, "num_branches": 0, "num_partial_branches": 0, "covered_branches": 0, "missing_branches": 0}, "missing_lines": [], "excluded_lines": [], "executed_branches": [], "missing_branches": []}, "SagaConfig._build_broker_from_config": {"executed_lines": [435, 436, 438, 439, 441, 442, 444, 445, 446, 447, 449, 450, 452, 453, 454, 455, 457, 458, 460, 461, 462, 463, 464, 465, 466, 468], "summary": {"covered_lines": 26, "num_statements": 26, "percent_covered": 100.0, "percent_covered_display": "100", "missing_lines": 0, "excluded_lines": 0, "num_branches": 8, "num_partial_branches": 0, "covered_branches": 8, "missing_branches": 0}, "missing_lines": [], "excluded_lines": [], "executed_branches": [[435, 436], [435, 438], [441, 442], [441, 449], [449, 450], [449, 457], [457, 458], [457, 468]], "missing_branches": []}, "SagaConfig._parse_storage_url": {"executed_lines": [473, 474, 476, 477, 478, 480, 481, 482, 484, 485, 486], "summary": {"covered_lines": 11, "num_statements": 11, "percent_covered": 100.0, "percent_covered_display": "100", "missing_lines": 0, "excluded_lines": 0, "num_branches": 6, "num_partial_branches": 0, "covered_branches": 6, "missing_branches": 0}, "missing_lines": [], "excluded_lines": [], "executed_branches": [[473, 474], [473, 477], [477, 478], [477, 481], [481, 482], [481, 485]], "missing_branches": []}, "SagaConfig._parse_broker_url": {"executed_lines": [491, 492, 495, 496, 497, 498, 499, 501, 502, 503, 504, 506, 507, 508, 509, 511, 512, 513], "summary": {"covered_lines": 18, "num_statements": 18, "percent_covered": 100.0, "percent_covered_display": "100", "missing_lines": 0, "excluded_lines": 0, "num_branches": 8, "num_partial_branches": 0, "covered_branches": 8, "missing_branches": 0}, "missing_lines": [], "excluded_lines": [], "executed_branches": [[491, 492], [491, 498], [498, 499], [498, 503], [503, 504], [503, 508], [508, 509], [508, 512]], "missing_branches": []}, "get_config": {"executed_lines": [523, 524, 525], "summary": {"covered_lines": 3, "num_statements": 3, "percent_covered": 100.0, "percent_covered_display": "100", "missing_lines": 0, "excluded_lines": 0, "num_branches": 2, "num_partial_branches": 0, "covered_branches": 2, "missing_branches": 0}, "missing_lines": [], "excluded_lines": [], "executed_branches": [[523, 524], [523, 525]], "missing_branches": []}, "configure": {"executed_lines": [531, 532], "summary": {"covered_lines": 2, "num_statements": 2, "percent_covered": 100.0, "percent_covered_display": "100", "missing_lines": 0, "excluded_lines": 0, "num_branches": 0, "num_partial_branches": 0, "covered_branches": 0, "missing_branches": 0}, "missing_lines": [], "excluded_lines": [], "executed_branches": [], "missing_branches": []}, "": {"executed_lines": [1, 45, 47, 48, 49, 50, 52, 57, 60, 61, 62, 92, 95, 99, 102, 105, 106, 107, 110, 111, 112, 115, 116, 117, 119, 150, 180, 223, 234, 273, 274, 278, 292, 306, 307, 357, 358, 399, 400, 422, 423, 432, 433, 470, 471, 488, 489, 517, 520, 528], "summary": {"covered_lines": 47, "num_statements": 47, "percent_covered": 100.0, "percent_covered_display": "100", "missing_lines": 0, "excluded_lines": 4, "num_branches": 0, "num_partial_branches": 0, "covered_branches": 0, "missing_branches": 0}, "missing_lines": [], "excluded_lines": [52, 53, 54, 55], "executed_branches": [], "missing_branches": []}}, "classes": {"SagaConfig": {"executed_lines": [122, 123, 124, 128, 129, 130, 134, 135, 138, 139, 141, 142, 145, 148, 152, 155, 156, 157, 158, 159, 160, 161, 162, 165, 167, 173, 175, 176, 178, 187, 189, 191, 193, 194, 197, 199, 201, 203, 204, 205, 206, 212, 214, 217, 221, 225, 227, 228, 236, 244, 247, 248, 249, 250, 253, 254, 255, 256, 259, 260, 261, 262, 265, 266, 267, 271, 276, 280, 294, 325, 327, 328, 331, 332, 333, 336, 337, 338, 341, 342, 343, 344, 345, 346, 347, 349, 368, 370, 371, 372, 373, 375, 376, 378, 379, 382, 383, 384, 387, 388, 391, 402, 403, 405, 406, 408, 409, 411, 412, 414, 415, 417, 418, 420, 425, 426, 427, 428, 429, 430, 435, 436, 438, 439, 441, 442, 444, 445, 446, 447, 449, 450, 452, 453, 454, 455, 457, 458, 460, 461, 462, 463, 464, 465, 466, 468, 473, 474, 476, 477, 478, 480, 481, 482, 484, 485, 486, 491, 492, 495, 496, 497, 498, 499, 501, 502, 503, 504, 506, 507, 508, 509, 511, 512, 513], "summary": {"covered_lines": 175, "num_statements": 175, "percent_covered": 98.81422924901186, "percent_covered_display": "99", "missing_lines": 0, "excluded_lines": 0, "num_branches": 78, "num_partial_branches": 3, "covered_branches": 75, "missing_branches": 3}, "missing_lines": [], "excluded_lines": [], "executed_branches": [[122, 123], [122, 138], [123, 124], [123, 129], [129, 130], [129, 135], [138, 139], [138, 145], [156, 157], [158, 159], [175, 176], [187, 189], [187, 191], [191, 193], [191, 197], [199, 201], [199, 214], [204, 205], [204, 212], [214, 217], [214, 221], [247, 248], [247, 249], [249, 250], [249, 253], [253, 254], [253, 255], [255, 256], [255, 259], [259, 260], [259, 261], [261, 262], [261, 265], [265, 266], [265, 271], [332, 333], [332, 336], [337, 338], [337, 341], [343, 344], [343, 345], [345, 346], [345, 347], [371, 372], [371, 375], [378, 379], [378, 382], [402, 403], [402, 405], [408, 409], [408, 414], [414, 415], [414, 420], [435, 436], [435, 438], [441, 442], [441, 449], [449, 450], [449, 457], [457, 458], [457, 468], [473, 474], [473, 477], [477, 478], [477, 481], [481, 482], [481, 485], [491, 492], [491, 498], [498, 499], [498, 503], [503, 504], [503, 508], [508, 509], [508, 512]], "missing_branches": [[156, 160], [158, 160], [175, -150]]}, "": {"executed_lines": [1, 45, 47, 48, 49, 50, 52, 57, 60, 61, 62, 92, 95, 99, 102, 105, 106, 107, 110, 111, 112, 115, 116, 117, 119, 150, 180, 223, 234, 273, 274, 278, 292, 306, 307, 357, 358, 399, 400, 422, 423, 432, 433, 470, 471, 488, 489, 517, 520, 523, 524, 525, 528, 531, 532], "summary": {"covered_lines": 52, "num_statements": 52, "percent_covered": 100.0, "percent_covered_display": "100", "missing_lines": 0, "excluded_lines": 4, "num_branches": 2, "num_partial_branches": 0, "covered_branches": 2, "missing_branches": 0}, "missing_lines": [], "excluded_lines": [52, 53, 54, 55], "executed_branches": [[523, 524], [523, 525]], "missing_branches": []}}}, "sagaz/core/context.py": {"executed_lines": [5, 15, 16, 17, 18, 19, 20, 21, 22, 23, 24, 26, 28, 29, 32, 33, 37, 38, 41, 42, 45, 46, 48, 49, 50, 51, 52, 55, 56, 57, 59, 60, 61, 62, 63, 64, 67, 68, 70, 71, 77, 78, 82, 83, 88, 89, 91, 92, 93, 95, 99, 103, 104, 105, 106, 109, 110, 114, 116, 125, 126, 127, 128, 130, 131, 133, 134, 135, 137, 138, 140, 142, 143, 144, 146, 147, 148, 149, 150, 151, 154, 155, 160, 169, 170, 173, 182, 226, 266, 289, 290, 291, 302, 303, 306, 310, 313, 314, 317, 318, 319, 320, 321, 323, 349, 350, 367, 369, 370, 371, 372, 373, 374, 375, 377, 384, 385, 386, 388, 390, 404, 405, 406, 409, 410, 411, 413, 414, 417, 418, 419, 420, 441, 442, 443, 445, 455, 460, 461, 463, 465, 474, 475, 478, 480, 485, 486, 489, 490, 493, 496, 497, 499, 501, 503, 507, 511, 512, 513, 515, 518, 519, 521, 523, 524, 525, 527, 529, 530, 531, 533, 534, 536, 537, 541, 543, 545, 547, 548, 549, 550, 554, 556, 557, 558, 559, 561, 563, 565, 566, 567, 568, 571], "summary": {"covered_lines": 176, "num_statements": 227, "percent_covered": 76.67844522968198, "percent_covered_display": "77", "missing_lines": 51, "excluded_lines": 16, "num_branches": 56, "num_partial_branches": 1, "covered_branches": 41, "missing_branches": 15}, "missing_lines": [31, 175, 176, 177, 178, 179, 180, 186, 187, 190, 194, 196, 197, 204, 215, 217, 227, 228, 229, 232, 233, 234, 235, 237, 240, 241, 242, 244, 245, 252, 253, 254, 255, 256, 258, 259, 260, 261, 262, 264, 267, 268, 270, 271, 272, 274, 275, 276, 278, 279, 286], "excluded_lines": [32, 33, 70, 71, 72, 73, 74, 75, 77, 78, 79, 80, 82, 83, 84, 85], "executed_branches": [[126, 127], [126, 130], [133, 134], [133, 137], [143, 144], [143, 146], [169, 170], [349, 350], [349, 369], [384, 385], [384, 388], [404, 405], [404, 409], [417, 418], [417, 441], [441, 442], [441, 455], [455, 460], [455, 463], [474, 475], [474, 478], [485, 486], [485, 489], [489, 490], [489, 493], [496, 497], [496, 499], [511, 512], [511, 515], [523, 524], [523, 527], [527, 529], [527, 536], [530, 531], [530, 533], [547, 548], [547, 550], [565, 566], [565, 567], [567, 568], [567, 571]], "missing_branches": [[169, 175], [227, 228], [227, 232], [233, 234], [233, 237], [240, 241], [240, 244], [259, 260], [259, 262], [267, 268], [267, 270], [271, 272], [271, 274], [275, 276], [275, 278]], "functions": {"MemoryFootprintError.__init__": {"executed_lines": [49, 50, 51, 52], "summary": {"covered_lines": 4, "num_statements": 4, "percent_covered": 100.0, "percent_covered_display": "100", "missing_lines": 0, "excluded_lines": 0, "num_branches": 0, "num_partial_branches": 0, "covered_branches": 0, "missing_branches": 0}, "missing_lines": [], "excluded_lines": [], "executed_branches": [], "missing_branches": []}, "ExternalStorage.store": {"executed_lines": [], "summary": {"covered_lines": 0, "num_statements": 0, "percent_covered": 100.0, "percent_covered_display": "100", "missing_lines": 0, "excluded_lines": 2, "num_branches": 0, "num_partial_branches": 0, "covered_branches": 0, "missing_branches": 0}, "missing_lines": [], "excluded_lines": [74, 75], "executed_branches": [], "missing_branches": []}, "ExternalStorage.load": {"executed_lines": [], "summary": {"covered_lines": 0, "num_statements": 0, "percent_covered": 100.0, "percent_covered_display": "100", "missing_lines": 0, "excluded_lines": 2, "num_branches": 0, "num_partial_branches": 0, "covered_branches": 0, "missing_branches": 0}, "missing_lines": [], "excluded_lines": [79, 80], "executed_branches": [], "missing_branches": []}, "ExternalStorage.delete": {"executed_lines": [], "summary": {"covered_lines": 0, "num_statements": 0, "percent_covered": 100.0, "percent_covered_display": "100", "missing_lines": 0, "excluded_lines": 2, "num_branches": 0, "num_partial_branches": 0, "covered_branches": 0, "missing_branches": 0}, "missing_lines": [], "excluded_lines": [84, 85], "executed_branches": [], "missing_branches": []}, "FileSystemExternalStorage.__init__": {"executed_lines": [92, 93], "summary": {"covered_lines": 2, "num_statements": 2, "percent_covered": 100.0, "percent_covered_display": "100", "missing_lines": 0, "excluded_lines": 0, "num_branches": 0, "num_partial_branches": 0, "covered_branches": 0, "missing_branches": 0}, "missing_lines": [], "excluded_lines": [], "executed_branches": [], "missing_branches": []}, "FileSystemExternalStorage.store": {"executed_lines": [99, 103, 104, 105, 106, 109, 110, 114, 116], "summary": {"covered_lines": 9, "num_statements": 9, "percent_covered": 100.0, "percent_covered_display": "100", "missing_lines": 0, "excluded_lines": 0, "num_branches": 0, "num_partial_branches": 0, "covered_branches": 0, "missing_branches": 0}, "missing_lines": [], "excluded_lines": [], "executed_branches": [], "missing_branches": []}, "FileSystemExternalStorage.load": {"executed_lines": [126, 127, 128, 130, 131, 133, 134, 135, 137, 138, 140], "summary": {"covered_lines": 11, "num_statements": 11, "percent_covered": 100.0, "percent_covered_display": "100", "missing_lines": 0, "excluded_lines": 0, "num_branches": 4, "num_partial_branches": 0, "covered_branches": 4, "missing_branches": 0}, "missing_lines": [], "excluded_lines": [], "executed_branches": [[126, 127], [126, 130], [133, 134], [133, 137]], "missing_branches": []}, "FileSystemExternalStorage.delete": {"executed_lines": [143, 144, 146, 147, 148, 149, 150, 151], "summary": {"covered_lines": 8, "num_statements": 8, "percent_covered": 100.0, "percent_covered_display": "100", "missing_lines": 0, "excluded_lines": 0, "num_branches": 2, "num_partial_branches": 0, "covered_branches": 2, "missing_branches": 0}, "missing_lines": [], "excluded_lines": [], "executed_branches": [[143, 144], [143, 146]], "missing_branches": []}, "S3ExternalStorage.__init__": {"executed_lines": [169, 170, 173], "summary": {"covered_lines": 3, "num_statements": 9, "percent_covered": 36.36363636363637, "percent_covered_display": "36", "missing_lines": 6, "excluded_lines": 0, "num_branches": 2, "num_partial_branches": 1, "covered_branches": 1, "missing_branches": 1}, "missing_lines": [175, 176, 177, 178, 179, 180], "excluded_lines": [], "executed_branches": [[169, 170]], "missing_branches": [[169, 175]]}, "S3ExternalStorage.store": {"executed_lines": [], "summary": {"covered_lines": 0, "num_statements": 9, "percent_covered": 0.0, "percent_covered_display": "0", "missing_lines": 9, "excluded_lines": 0, "num_branches": 0, "num_partial_branches": 0, "covered_branches": 0, "missing_branches": 0}, "missing_lines": [186, 187, 190, 194, 196, 197, 204, 215, 217], "excluded_lines": [], "executed_branches": [], "missing_branches": []}, "S3ExternalStorage.load": {"executed_lines": [], "summary": {"covered_lines": 0, "num_statements": 24, "percent_covered": 0.0, "percent_covered_display": "0", "missing_lines": 24, "excluded_lines": 0, "num_branches": 8, "num_partial_branches": 0, "covered_branches": 0, "missing_branches": 8}, "missing_lines": [227, 228, 229, 232, 233, 234, 235, 237, 240, 241, 242, 244, 245, 252, 253, 254, 255, 256, 258, 259, 260, 261, 262, 264], "excluded_lines": [], "executed_branches": [], "missing_branches": [[227, 228], [227, 232], [233, 234], [233, 237], [240, 241], [240, 244], [259, 260], [259, 262]]}, "S3ExternalStorage.delete": {"executed_lines": [], "summary": {"covered_lines": 0, "num_statements": 11, "percent_covered": 0.0, "percent_covered_display": "0", "missing_lines": 11, "excluded_lines": 0, "num_branches": 6, "num_partial_branches": 0, "covered_branches": 0, "missing_branches": 6}, "missing_lines": [267, 268, 270, 271, 272, 274, 275, 276, 278, 279, 286], "excluded_lines": [], "executed_branches": [], "missing_branches": [[267, 268], [267, 270], [271, 272], [271, 274], [275, 276], [275, 278]]}, "SagaContext.configure": {"executed_lines": [349, 350, 367, 369, 370, 371, 372, 373, 374, 375], "summary": {"covered_lines": 10, "num_statements": 10, "percent_covered": 100.0, "percent_covered_display": "100", "missing_lines": 0, "excluded_lines": 0, "num_branches": 2, "num_partial_branches": 0, "covered_branches": 2, "missing_branches": 0}, "missing_lines": [], "excluded_lines": [], "executed_branches": [[349, 350], [349, 369]], "missing_branches": []}, "SagaContext.set": {"executed_lines": [384, 385, 386, 388], "summary": {"covered_lines": 4, "num_statements": 4, "percent_covered": 100.0, "percent_covered_display": "100", "missing_lines": 0, "excluded_lines": 0, "num_branches": 2, "num_partial_branches": 0, "covered_branches": 2, "missing_branches": 0}, "missing_lines": [], "excluded_lines": [], "executed_branches": [[384, 385], [384, 388]], "missing_branches": []}, "SagaContext.set_async": {"executed_lines": [404, 405, 406, 409, 410, 411, 413, 414, 417, 418, 419, 420, 441, 442, 443, 445, 455, 460, 461, 463], "summary": {"covered_lines": 20, "num_statements": 20, "percent_covered": 100.0, "percent_covered_display": "100", "missing_lines": 0, "excluded_lines": 0, "num_branches": 8, "num_partial_branches": 0, "covered_branches": 8, "missing_branches": 0}, "missing_lines": [], "excluded_lines": [], "executed_branches": [[404, 405], [404, 409], [417, 418], [417, 441], [441, 442], [441, 455], [455, 460], [455, 463]], "missing_branches": []}, "SagaContext.get": {"executed_lines": [474, 475, 478], "summary": {"covered_lines": 3, "num_statements": 3, "percent_covered": 100.0, "percent_covered_display": "100", "missing_lines": 0, "excluded_lines": 0, "num_branches": 2, "num_partial_branches": 0, "covered_branches": 2, "missing_branches": 0}, "missing_lines": [], "excluded_lines": [], "executed_branches": [[474, 475], [474, 478]], "missing_branches": []}, "SagaContext.get_async": {"executed_lines": [485, 486, 489, 490, 493, 496, 497, 499], "summary": {"covered_lines": 8, "num_statements": 8, "percent_covered": 100.0, "percent_covered_display": "100", "missing_lines": 0, "excluded_lines": 0, "num_branches": 6, "num_partial_branches": 0, "covered_branches": 6, "missing_branches": 0}, "missing_lines": [], "excluded_lines": [], "executed_branches": [[485, 486], [485, 489], [489, 490], [489, 493], [496, 497], [496, 499]], "missing_branches": []}, "SagaContext.has": {"executed_lines": [503], "summary": {"covered_lines": 1, "num_statements": 1, "percent_covered": 100.0, "percent_covered_display": "100", "missing_lines": 0, "excluded_lines": 0, "num_branches": 0, "num_partial_branches": 0, "covered_branches": 0, "missing_branches": 0}, "missing_lines": [], "excluded_lines": [], "executed_branches": [], "missing_branches": []}, "SagaContext.store_external": {"executed_lines": [511, 512, 513, 515, 518, 519], "summary": {"covered_lines": 6, "num_statements": 6, "percent_covered": 100.0, "percent_covered_display": "100", "missing_lines": 0, "excluded_lines": 0, "num_branches": 2, "num_partial_branches": 0, "covered_branches": 2, "missing_branches": 0}, "missing_lines": [], "excluded_lines": [], "executed_branches": [[511, 512], [511, 515]], "missing_branches": []}, "SagaContext.load_external": {"executed_lines": [523, 524, 525, 527, 529, 530, 531, 533, 534, 536, 537], "summary": {"covered_lines": 11, "num_statem
[...]
ranches": 12, "missing_branches": 0}, "missing_lines": [], "excluded_lines": [], "executed_branches": [[166, 167], [166, 170], [170, 171], [170, 185], [171, 173], [171, 179], [173, 174], [173, 176], [179, 180], [179, 182], [186, -164], [186, 187]], "missing_branches": []}, "MermaidGenerator._add_compensation_nodes": {"executed_lines": [191, 192, 194, 196, 198, 199, 201, 202, 203, 207], "summary": {"covered_lines": 10, "num_statements": 10, "percent_covered": 100.0, "percent_covered_display": "100", "missing_lines": 0, "excluded_lines": 0, "num_branches": 8, "num_partial_branches": 0, "covered_branches": 8, "missing_branches": 0}, "missing_lines": [], "excluded_lines": [], "executed_branches": [[191, 192], [191, 194], [196, -189], [196, 198], [198, 199], [198, 201], [202, 203], [202, 207]], "missing_branches": []}, "MermaidGenerator._get_node_shape": {"executed_lines": [211, 214, 217, 219, 220, 221, 222, 223, 225, 226, 227, 228, 229], "summary": {"covered_lines": 13, "num_statements": 13, "percent_covered": 100.0, "percent_covered_display": "100", "missing_lines": 0, "excluded_lines": 0, "num_branches": 10, "num_partial_branches": 0, "covered_branches": 10, "missing_branches": 0}, "missing_lines": [], "excluded_lines": [], "executed_branches": [[217, 219], [217, 225], [219, 220], [219, 221], [221, 222], [221, 223], [225, 226], [225, 227], [227, 228], [227, 229]], "missing_branches": []}, "MermaidGenerator._add_link": {"executed_lines": [247, 248, 249, 250, 252, 253], "summary": {"covered_lines": 6, "num_statements": 6, "percent_covered": 100.0, "percent_covered_display": "100", "missing_lines": 0, "excluded_lines": 0, "num_branches": 4, "num_partial_branches": 0, "covered_branches": 4, "missing_branches": 0}, "missing_lines": [], "excluded_lines": [], "executed_branches": [[248, 249], [248, 253], [249, 250], [249, 252]], "missing_branches": []}, "MermaidGenerator._add_success_edges": {"executed_lines": [257, 258, 259, 260], "summary": {"covered_lines": 4, "num_statements": 4, "percent_covered": 100.0, "percent_covered_display": "100", "missing_lines": 0, "excluded_lines": 0, "num_branches": 0, "num_partial_branches": 0, "covered_branches": 0, "missing_branches": 0}, "missing_lines": [], "excluded_lines": [], "executed_branches": [], "missing_branches": []}, "MermaidGenerator._add_start_to_roots": {"executed_lines": [264, 265, 266, 267, 269, 270, 271], "summary": {"covered_lines": 7, "num_statements": 7, "percent_covered": 100.0, "percent_covered_display": "100", "missing_lines": 0, "excluded_lines": 0, "num_branches": 6, "num_partial_branches": 0, "covered_branches": 6, "missing_branches": 0}, "missing_lines": [], "excluded_lines": [], "executed_branches": [[264, 265], [264, 266], [266, -262], [266, 267], [269, 270], [269, 271]], "missing_branches": []}, "MermaidGenerator._is_step_executed": {"executed_lines": [275], "summary": {"covered_lines": 1, "num_statements": 1, "percent_covered": 100.0, "percent_covered_display": "100", "missing_lines": 0, "excluded_lines": 0, "num_branches": 0, "num_partial_branches": 0, "covered_branches": 0, "missing_branches": 0}, "missing_lines": [], "excluded_lines": [], "executed_branches": [], "missing_branches": []}, "MermaidGenerator._add_dependency_or_sequential_edges": {"executed_lines": [279, 280, 282], "summary": {"covered_lines": 3, "num_statements": 3, "percent_covered": 100.0, "percent_covered_display": "100", "missing_lines": 0, "excluded_lines": 0, "num_branches": 2, "num_partial_branches": 0, "covered_branches": 2, "missing_branches": 0}, "missing_lines": [], "excluded_lines": [], "executed_branches": [[279, 280], [279, 282]], "missing_branches": []}, "MermaidGenerator._add_dependency_edges": {"executed_lines": [286, 287, 288, 289, 290, 291, 292], "summary": {"covered_lines": 7, "num_statements": 7, "percent_covered": 100.0, "percent_covered_display": "100", "missing_lines": 0, "excluded_lines": 0, "num_branches": 6, "num_partial_branches": 0, "covered_branches": 6, "missing_branches": 0}, "missing_lines": [], "excluded_lines": [], "executed_branches": [[286, -284], [286, 287], [288, 286], [288, 289], [290, 291], [290, 292]], "missing_branches": []}, "MermaidGenerator._add_sequential_edges": {"executed_lines": [296, 297, 298, 299, 300, 301, 302], "summary": {"covered_lines": 7, "num_statements": 7, "percent_covered": 100.0, "percent_covered_display": "100", "missing_lines": 0, "excluded_lines": 0, "num_branches": 4, "num_partial_branches": 0, "covered_branches": 4, "missing_branches": 0}, "missing_lines": [], "excluded_lines": [], "executed_branches": [[296, -294], [296, 297], [300, 301], [300, 302]], "missing_branches": []}, "MermaidGenerator._add_leaves_to_success": {"executed_lines": [306, 307, 309, 310, 311, 312, 313, 314, 315], "summary": {"covered_lines": 9, "num_statements": 9, "percent_covered": 100.0, "percent_covered_display": "100", "missing_lines": 0, "excluded_lines": 0, "num_branches": 8, "num_partial_branches": 0, "covered_branches": 8, "missing_branches": 0}, "missing_lines": [], "excluded_lines": [], "executed_branches": [[306, 307], [306, 309], [309, 310], [309, 311], [311, -304], [311, 312], [313, 314], [313, 315]], "missing_branches": []}, "MermaidGenerator._add_failure_edges": {"executed_lines": [319, 320, 322, 323, 325, 327, 328, 329], "summary": {"covered_lines": 8, "num_statements": 8, "percent_covered": 100.0, "percent_covered_display": "100", "missing_lines": 0, "excluded_lines": 0, "num_branches": 4, "num_partial_branches": 0, "covered_branches": 4, "missing_branches": 0}, "missing_lines": [], "excluded_lines": [], "executed_branches": [[319, 320], [319, 322], [327, -317], [327, 328]], "missing_branches": []}, "MermaidGenerator._add_compensate_edges": {"executed_lines": [333, 334, 336, 338, 339, 348, 349, 358, 359, 360, 361], "summary": {"covered_lines": 11, "num_statements": 11, "percent_covered": 100.0, "percent_covered_display": "100", "missing_lines": 0, "excluded_lines": 0, "num_branches": 10, "num_partial_branches": 0, "covered_branches": 10, "missing_branches": 0}, "missing_lines": [], "excluded_lines": [], "executed_branches": [[333, -331], [333, 334], [336, 338], [336, 348], [338, 333], [338, 339], [348, 349], [348, 358], [359, 333], [359, 360]], "missing_branches": []}, "MermaidGenerator._add_compensation_chain": {"executed_lines": [371, 373, 374, 376], "summary": {"covered_lines": 4, "num_statements": 4, "percent_covered": 100.0, "percent_covered_display": "100", "missing_lines": 0, "excluded_lines": 0, "num_branches": 2, "num_partial_branches": 0, "covered_branches": 2, "missing_branches": 0}, "missing_lines": [], "excluded_lines": [], "executed_branches": [[373, 374], [373, 376]], "missing_branches": []}, "MermaidGenerator._add_dag_compensation_chain": {"executed_lines": [380, 381, 382, 383, 385, 386, 387, 388, 389, 390], "summary": {"covered_lines": 10, "num_statements": 10, "percent_covered": 100.0, "percent_covered_display": "100", "missing_lines": 0, "excluded_lines": 0, "num_branches": 8, "num_partial_branches": 0, "covered_branches": 8, "missing_branches": 0}, "missing_lines": [], "excluded_lines": [], "executed_branches": [[380, -378], [380, 381], [382, 383], [382, 385], [386, 380], [386, 387], [388, 389], [388, 390]], "missing_branches": []}, "MermaidGenerator._add_sequential_compensation_chain": {"executed_lines": [400, 401, 402, 403, 404, 405, 407], "summary": {"covered_lines": 6, "num_statements": 6, "percent_covered": 100.0, "percent_covered_display": "100", "missing_lines": 0, "excluded_lines": 2, "num_branches": 2, "num_partial_branches": 0, "covered_branches": 2, "missing_branches": 0}, "missing_lines": [], "excluded_lines": [405, 406], "executed_branches": [[401, -398], [401, 402]], "missing_branches": []}, "MermaidGenerator._add_rollback_edges": {"executed_lines": [413, 414, 416, 417, 419, 420, 422, 423, 424], "summary": {"covered_lines": 9, "num_statements": 9, "percent_covered": 100.0, "percent_covered_display": "100", "missing_lines": 0, "excluded_lines": 0, "num_branches": 6, "num_partial_branches": 0, "covered_branches": 6, "missing_branches": 0}, "missing_lines": [], "excluded_lines": [], "executed_branches": [[413, 414], [413, 416], [419, -411], [419, 420], [422, 423], [422, 424]], "missing_branches": []}, "MermaidGenerator._get_compensable_ancestors": {"executed_lines": [430, 431, 432, 434, 435, 436, 438, 440, 441, 444, 445, 448, 450], "summary": {"covered_lines": 12, "num_statements": 12, "percent_covered": 100.0, "percent_covered_display": "100", "missing_lines": 0, "excluded_lines": 3, "num_branches": 4, "num_partial_branches": 0, "covered_branches": 4, "missing_branches": 0}, "missing_lines": [], "excluded_lines": [437, 441, 442], "executed_branches": [[434, 435], [434, 450], [444, 445], [444, 448]], "missing_branches": []}, "MermaidGenerator._get_root_compensation_steps": {"executed_lines": [454, 455, 457, 458], "summary": {"covered_lines": 4, "num_statements": 4, "percent_covered": 100.0, "percent_covered_display": "100", "missing_lines": 0, "excluded_lines": 0, "num_branches": 2, "num_partial_branches": 0, "covered_branches": 2, "missing_branches": 0}, "missing_lines": [], "excluded_lines": [], "executed_branches": [[454, 455], [454, 457]], "missing_branches": []}, "MermaidGenerator._add_styling": {"executed_lines": [466, 467, 468, 469], "summary": {"covered_lines": 4, "num_statements": 4, "percent_covered": 100.0, "percent_covered_display": "100", "missing_lines": 0, "excluded_lines": 0, "num_branches": 0, "num_partial_branches": 0, "covered_branches": 0, "missing_branches": 0}, "missing_lines": [], "excluded_lines": [], "executed_branches": [], "missing_branches": []}, "MermaidGenerator._add_class_definitions": {"executed_lines": [473, 474, 475, 476, 477, 478, 479, 480, 483, 484, 485, 486, 489, 490], "summary": {"covered_lines": 14, "num_statements": 14, "percent_covered": 100.0, "percent_covered_display": "100", "missing_lines": 0, "excluded_lines": 0, "num_branches": 2, "num_partial_branches": 0, "covered_branches": 2, "missing_branches": 0}, "missing_lines": [], "excluded_lines": [], "executed_branches": [[483, -471], [483, 484]], "missing_branches": []}, "MermaidGenerator._apply_node_classes": {"executed_lines": [494, 495, 499, 500, 502], "summary": {"covered_lines": 5, "num_statements": 5, "percent_covered": 100.0, "percent_covered_display": "100", "missing_lines": 0, "excluded_lines": 0, "num_branches": 2, "num_partial_branches": 0, "covered_branches": 2, "missing_branches": 0}, "missing_lines": [], "excluded_lines": [], "executed_branches": [[499, 500], [499, 502]], "missing_branches": []}, "MermaidGenerator._apply_trail_node_classes": {"executed_lines": [507, 508, 509, 512, 513, 516, 517, 518], "summary": {"covered_lines": 8, "num_statements": 8, "percent_covered": 100.0, "percent_covered_display": "100", "missing_lines": 0, "excluded_lines": 0, "num_branches": 6, "num_partial_branches": 0, "covered_branches": 6, "missing_branches": 0}, "missing_lines": [], "excluded_lines": [], "executed_branches": [[507, 508], [507, 512], [512, 513], [512, 516], [516, -504], [516, 517]], "missing_branches": []}, "MermaidGenerator._apply_default_node_classes": {"executed_lines": [523, 524, 527, 528, 530, 531], "summary": {"covered_lines": 6, "num_statements": 6, "percent_covered": 100.0, "percent_covered_display": "100", "missing_lines": 0, "excluded_lines": 0, "num_branches": 6, "num_partial_branches": 0, "covered_branches": 6, "missing_branches": 0}, "missing_lines": [], "excluded_lines": [], "executed_branches": [[523, 524], [523, 527], [527, 528], [527, 530], [530, -520], [530, 531]], "missing_branches": []}, "MermaidGenerator._apply_zone_classes": {"executed_lines": [544, 545, 546, 547, 549, 550, 551, 552, 553, 554, 555, 557, 560, 561, 562, 563, 564, 565, 566, 567], "summary": {"covered_lines": 20, "num_statements": 20, "percent_covered": 94.44444444444444, "percent_covered_display": "94", "missing_lines": 0, "excluded_lines": 0, "num_branches": 16, "num_partial_branches": 2, "covered_branches": 14, "missing_branches": 2}, "missing_lines": [], "excluded_lines": [], "executed_branches": [[549, 550], [549, 560], [550, 551], [550, 552], [552, 553], [552, 554], [554, 555], [554, 557], [560, 561], [560, 562], [562, 563], [564, 565], [566, -533], [566, 567]], "missing_branches": [[562, 564], [564, 566]]}, "MermaidGenerator._is_after_any_pivot": {"executed_lines": [571, 575, 578, 579, 581, 582, 583, 585, 587, 588, 595], "summary": {"covered_lines": 9, "num_statements": 9, "percent_covered": 100.0, "percent_covered_display": "100", "missing_lines": 0, "excluded_lines": 7, "num_branches": 2, "num_partial_branches": 0, "covered_branches": 2, "missing_branches": 0}, "missing_lines": [], "excluded_lines": [571, 572, 583, 584, 591, 592, 593], "executed_branches": [[581, 582], [581, 595]], "missing_branches": []}, "MermaidGenerator._style_state_markers": {"executed_lines": [599, 600, 602, 604, 606, 607, 609, 612, 613, 614, 615], "summary": {"covered_lines": 11, "num_statements": 11, "percent_covered": 100.0, "percent_covered_display": "100", "missing_lines": 0, "excluded_lines": 0, "num_branches": 8, "num_partial_branches": 0, "covered_branches": 8, "missing_branches": 0}, "missing_lines": [], "excluded_lines": [], "executed_branches": [[599, 600], [599, 602], [604, 606], [604, 612], [606, 607], [606, 609], [613, 614], [613, 615]], "missing_branches": []}, "MermaidGenerator._style_links": {"executed_lines": [619, 620, 621, 622, 625, 626], "summary": {"covered_lines": 6, "num_statements": 6, "percent_covered": 100.0, "percent_covered_display": "100", "missing_lines": 0, "excluded_lines": 0, "num_branches": 4, "num_partial_branches": 0, "covered_branches": 4, "missing_branches": 0}, "missing_lines": [], "excluded_lines": [], "executed_branches": [[621, 622], [621, 625], [625, -617], [625, 626]], "missing_branches": []}, "": {"executed_lines": [1, 8, 10, 11, 14, 15, 16, 18, 19, 20, 22, 23, 24, 25, 28, 29, 30, 32, 33, 34, 35, 36, 39, 41, 42, 56, 57, 64, 84, 98, 102, 109, 116, 135, 145, 150, 164, 189, 209, 235, 255, 262, 273, 277, 284, 294, 304, 317, 331, 369, 378, 398, 411, 428, 452, 464, 471, 492, 504, 520, 533, 569, 597, 617], "summary": {"covered_lines": 60, "num_statements": 60, "percent_covered": 100.0, "percent_covered_display": "100", "missing_lines": 0, "excluded_lines": 0, "num_branches": 0, "num_partial_branches": 0, "covered_branches": 0, "missing_branches": 0}, "missing_lines": [], "excluded_lines": [], "executed_branches": [], "missing_branches": []}}, "classes": {"StepInfo": {"executed_lines": [], "summary": {"covered_lines": 0, "num_statements": 0, "percent_covered": 100.0, "percent_covered_display": "100", "missing_lines": 0, "excluded_lines": 0, "num_branches": 0, "num_partial_branches": 0, "covered_branches": 0, "missing_branches": 0}, "missing_lines": [], "excluded_lines": [], "executed_branches": [], "missing_branches": []}, "HighlightTrail": {"executed_lines": [44, 45, 46], "summary": {"covered_lines": 3, "num_statements": 3, "percent_covered": 100.0, "percent_covered_display": "100", "missing_lines": 0, "excluded_lines": 0, "num_branches": 2, "num_partial_branches": 0, "covered_branches": 2, "missing_branches": 0}, "missing_lines": [], "excluded_lines": [], "executed_branches": [[44, 45], [44, 46]], "missing_branches": []}, "MermaidGenerator": {"executed_lines": [73, 74, 75, 76, 77, 78, 80, 81, 82, 86, 87, 89, 90, 91, 94, 95, 96, 100, 104, 105, 106, 107, 111, 112, 113, 114, 118, 121, 122, 124, 125, 126, 127, 129, 137, 138, 140, 141, 142, 143, 147, 148, 152, 154, 155, 158, 159, 161, 162, 166, 167, 170, 171, 173, 174, 176, 179, 180, 182, 185, 186, 187, 191, 192, 194, 196, 198, 199, 201, 202, 203, 207, 211, 214, 217, 219, 220, 221, 222, 223, 225, 226, 227, 228, 229, 247, 248, 249, 250, 252, 253, 257, 258, 259, 260, 264, 265, 266, 267, 269, 270, 271, 275, 279, 280, 282, 286, 287, 288, 289, 290, 291, 292, 296, 297, 298, 299, 300, 301, 302, 306, 307, 309, 310, 311, 312, 313, 314, 315, 319, 320, 322, 323, 325, 327, 328, 329, 333, 334, 336, 338, 339, 348, 349, 358, 359, 360, 361, 371, 373, 374, 376, 380, 381, 382, 383, 385, 386, 387, 388, 389, 390, 400, 401, 402, 403, 404, 405, 407, 413, 414, 416, 417, 419, 420, 422, 423, 424, 430, 431, 432, 434, 435, 436, 438, 440, 441, 444, 445, 448, 450, 454, 455, 457, 458, 466, 467, 468, 469, 473, 474, 475, 476, 477, 478, 479, 480, 483, 484, 485, 486, 489, 490, 494, 495, 499, 500, 502, 507, 508, 509, 512, 513, 516, 517, 518, 523, 524, 527, 528, 530, 531, 544, 545, 546, 547, 549, 550, 551, 552, 553, 554, 555, 557, 560, 561, 562, 563, 564, 565, 566, 567, 571, 575, 578, 579, 581, 582, 583, 585, 587, 588, 595, 599, 600, 602, 604, 606, 607, 609, 612, 613, 614, 615, 619, 620, 621, 622, 625, 626], "summary": {"covered_lines": 276, "num_statements": 276, "percent_covered": 99.53703703703704, "percent_covered_display": "99", "missing_lines": 0, "excluded_lines": 12, "num_branches": 156, "num_partial_branches": 2, "covered_branches": 154, "missing_branches": 2}, "missing_lines": [], "excluded_lines": [405, 406, 437, 441, 442, 571, 572, 583, 584, 591, 592, 593], "executed_branches": [[105, 106], [105, 107], [121, 122], [121, 124], [147, -145], [147, 148], [152, -150], [152, 154], [154, 155], [154, 161], [158, 159], [158, 161], [166, 167], [166, 170], [170, 171], [170, 185], [171, 173], [171, 179], [173, 174], [173, 176], [179, 180], [179, 182], [186, -164], [186, 187], [191, 192], [191, 194], [196, -189], [196, 198], [198, 199], [198, 201], [202, 203], [202, 207], [217, 219], [217, 225], [219, 220], [219, 221], [221, 222], [221, 223], [225, 226], [225, 227], [227, 228], [227, 229], [248, 249], [248, 253], [249, 250], [249, 252], [264, 265], [264, 266], [266, -262], [266, 267], [269, 270], [269, 271], [279, 280], [279, 282], [286, -284], [286, 287], [288, 286], [288, 289], [290, 291], [290, 292], [296, -294], [296, 297], [300, 301], [300, 302], [306, 307], [306, 309], [309, 310], [309, 311], [311, -304], [311, 312], [313, 314], [313, 315], [319, 320], [319, 322], [327, -317], [327, 328], [333, -331], [333, 334], [336, 338], [336, 348], [338, 333], [338, 339], [348, 349], [348, 358], [359, 333], [359, 360], [373, 374], [373, 376], [380, -378], [380, 381], [382, 383], [382, 385], [386, 380], [386, 387], [388, 389], [388, 390], [401, -398], [401, 402], [413, 414], [413, 416], [419, -411], [419, 420], [422, 423], [422, 424], [434, 435], [434, 450], [444, 445], [444, 448], [454, 455], [454, 457], [483, -471], [483, 484], [499, 500], [499, 502], [507, 508], [507, 512], [512, 513], [512, 516], [516, -504], [516, 517], [523, 524], [523, 527], [527, 528], [527, 530], [530, -520], [530, 531], [549, 550], [549, 560], [550, 551], [550, 552], [552, 553], [552, 554], [554, 555], [554, 557], [560, 561], [560, 562], [562, 563], [564, 565], [566, -533], [566, 567], [581, 582], [581, 595], [599, 600], [599, 602], [604, 606], [604, 612], [606, 607], [606, 609], [613, 614], [613, 615], [621, 622], [621, 625], [625, -617], [625, 626]], "missing_branches": [[562, 564], [564, 566]]}, "": {"executed_lines": [1, 8, 10, 11, 14, 15, 16, 18, 19, 20, 22, 23, 24, 25, 28, 29, 30, 32, 33, 34, 35, 36, 39, 41, 42, 56, 57, 64, 84, 98, 102, 109, 116, 135, 145, 150, 164, 189, 209, 235, 255, 262, 273, 277, 284, 294, 304, 317, 331, 369, 378, 398, 411, 428, 452, 464, 471, 492, 504, 520, 533, 569, 597, 617], "summary": {"covered_lines": 60, "num_statements": 60, "percent_covered": 100.0, "percent_covered_display": "100", "missing_lines": 0, "excluded_lines": 0, "num_branches": 0, "num_partial_branches": 0, "covered_branches": 0, "missing_branches": 0}, "missing_lines": [], "excluded_lines": [], "executed_branches": [], "missing_branches": []}}}}, "totals": {"covered_lines": 6753, "num_statements": 7465, "percent_covered": 88.57420819370878, "percent_covered_display": "89", "missing_lines": 712, "excluded_lines": 2105, "num_branches": 1786, "num_partial_branches": 103, "covered_branches": 1441, "missing_branches": 345}}